Log file open, 03/16/22 13:51:27
LogWindows: Failed to load 'aqProf.dll' (GetLastError=126)
LogWindows: File 'aqProf.dll' does not exist
LogWindows: Failed to load 'VtuneApi.dll' (GetLastError=126)
LogWindows: File 'VtuneApi.dll' does not exist
LogWindows: Failed to load 'VtuneApi32e.dll' (GetLastError=126)
LogWindows: File 'VtuneApi32e.dll' does not exist
LogConsoleResponse: Display: Failed to find resolution value strings in scalability ini. Falling back to default.
LogConsoleResponse: Display: Failed to find resolution value strings in scalability ini. Falling back to default.
LogInit: Display: Running engine for game: Chess
LogPlatformFile: Not using cached read wrapper
LogTaskGraph: Started task graph with 5 named threads and 23 total threads with 3 sets of task threads.
LogStats: Stats thread started at 1.090683
LogICUInternationalization: ICU TimeZone Detection - Raw Offset: +1:00, Platform Override: ''
LogInit: Display: Loading text-based GConfig....
LogPluginManager: Mounting plugin MeshPainting
LogPluginManager: Mounting plugin XGEController
LogPluginManager: Mounting plugin Paper2D
LogPluginManager: Mounting plugin LightPropagationVolume
LogPluginManager: Mounting plugin AISupport
LogPluginManager: Mounting plugin EnvironmentQueryEditor
LogPluginManager: Mounting plugin OodleData
LogPluginManager: Mounting plugin OodleNetwork
LogPluginManager: Mounting plugin LiveLink
LogPluginManager: Mounting plugin Niagara
LogPluginManager: Mounting plugin DatasmithContent
LogPluginManager: Mounting plugin VariantManagerContent
LogPluginManager: Mounting plugin CameraShakePreviewer
LogPluginManager: Mounting plugin GameplayCameras
LogPluginManager: Mounting plugin AnimationSharing
LogPluginManager: Mounting plugin GitSourceControl
LogPluginManager: Mounting plugin KDevelopSourceCodeAccess
LogPluginManager: Mounting plugin CLionSourceCodeAccess
LogPluginManager: Mounting plugin CodeLiteSourceCodeAccess
LogPluginManager: Mounting plugin NullSourceCodeAccess
LogPluginManager: Mounting plugin PerforceSourceControl
LogPluginManager: Mounting plugin PixWinPlugin
LogPluginManager: Mounting plugin PlasticSourceControl
LogPluginManager: Mounting plugin PluginUtils
LogPluginManager: Mounting plugin PropertyAccessNode
LogPluginManager: Mounting plugin RiderSourceCodeAccess
LogPluginManager: Mounting plugin SubversionSourceControl
LogPluginManager: Mounting plugin TextureFormatOodle
LogPluginManager: Mounting plugin LuminPlatformFeatures
LogPluginManager: Mounting plugin UObjectPlugin
LogPluginManager: Mounting plugin VisualStudioCodeSourceCodeAccess
LogPluginManager: Mounting plugin MagicLeap
LogPluginManager: Mounting plugin VisualStudioSourceCodeAccess
LogPluginManager: Mounting plugin XCodeSourceCodeAccess
LogPluginManager: Mounting plugin MagicLeapLightEstimation
LogPluginManager: Mounting plugin MagicLeapMedia
LogPluginManager: Mounting plugin MagicLeapPassableWorld
LogPluginManager: Mounting plugin MLSDK
LogPluginManager: Mounting plugin AssetManagerEditor
LogPluginManager: Mounting plugin CryptoKeys
LogPluginManager: Mounting plugin CurveEditorTools
LogPluginManager: Mounting plugin DataValidation
LogPluginManager: Mounting plugin FacialAnimation
LogPluginManager: Mounting plugin GameplayTagsEditor
LogPluginManager: Mounting plugin GeometryMode
LogPluginManager: Mounting plugin MacGraphicsSwitching
LogPluginManager: Mounting plugin MaterialAnalyzer
LogPluginManager: Mounting plugin MobileLauncherProfileWizard
LogPluginManager: Mounting plugin PluginBrowser
LogPluginManager: Mounting plugin SpeedTreeImporter
LogPluginManager: Mounting plugin TcpMessaging
LogPluginManager: Mounting plugin UdpMessaging
LogPluginManager: Mounting plugin LauncherChunkInstaller
LogPluginManager: Mounting plugin ActorSequence
LogPluginManager: Mounting plugin MatineeToLevelSequence
LogPluginManager: Mounting plugin LevelSequenceEditor
LogPluginManager: Mounting plugin TemplateSequence
LogPluginManager: Mounting plugin AndroidMedia
LogPluginManager: Mounting plugin AvfMedia
LogPluginManager: Mounting plugin ImgMedia
LogPluginManager: Mounting plugin MediaCompositing
LogPluginManager: Mounting plugin MediaPlayerEditor
LogPluginManager: Mounting plugin WebMMedia
LogPluginManager: Mounting plugin WmfMedia
LogPluginManager: Mounting plugin OnlineSubsystem
LogPluginManager: Mounting plugin OnlineSubsystemNull
LogPluginManager: Mounting plugin OnlineSubsystemUtils
LogPluginManager: Mounting plugin AlembicImporter
LogPluginManager: Mounting plugin AutomationUtils
LogPluginManager: Mounting plugin BackChannel
LogPluginManager: Mounting plugin ChaosCloth
LogPluginManager: Mounting plugin ChaosClothEditor
LogPluginManager: Mounting plugin ChaosEditor
LogPluginManager: Mounting plugin ChaosNiagara
LogPluginManager: Mounting plugin ChaosSolverPlugin
LogPluginManager: Mounting plugin CharacterAI
LogPluginManager: Mounting plugin GeometryCache
LogPluginManager: Mounting plugin GeometryCollectionPlugin
LogPluginManager: Mounting plugin ScreenshotTools
LogPluginManager: Mounting plugin Takes
LogPluginManager: Mounting plugin GeometryProcessing
LogPluginManager: Mounting plugin OpenImageDenoise
LogPluginManager: Mounting plugin MotoSynth
LogPluginManager: Mounting plugin PlanarCut
LogPluginManager: Mounting plugin PlatformCrypto
LogPluginManager: Mounting plugin ProxyLODPlugin
LogPluginManager: Mounting plugin PythonScriptPlugin
LogPluginManager: Mounting plugin SkeletalReduction
LogPluginManager: Mounting plugin ActorLayerUtilities
LogPluginManager: Mounting plugin AndroidPermission
LogPluginManager: Mounting plugin AndroidMoviePlayer
LogPluginManager: Mounting plugin AndroidDeviceProfileSelector
LogPluginManager: Mounting plugin AppleImageUtils
LogPluginManager: Mounting plugin AppleMoviePlayer
LogPluginManager: Mounting plugin ArchVisCharacter
LogPluginManager: Mounting plugin AssetTags
LogPluginManager: Mounting plugin AudioCapture
LogPluginManager: Mounting plugin AudioSynesthesia
LogPluginManager: Mounting plugin CableComponent
LogPluginManager: Mounting plugin ChunkDownloader
LogPluginManager: Mounting plugin CustomMeshComponent
LogPluginManager: Mounting plugin EditableMesh
LogPluginManager: Mounting plugin ExampleDeviceProfileSelector
LogPluginManager: Mounting plugin GoogleCloudMessaging
LogPluginManager: Mounting plugin GooglePAD
LogPluginManager: Mounting plugin IOSDeviceProfileSelector
LogPluginManager: Mounting plugin LinuxDeviceProfileSelector
LogPluginManager: Mounting plugin LocationServicesBPLibrary
LogPluginManager: Mounting plugin MobilePatchingUtils
LogPluginManager: Mounting plugin OpenXR
LogPluginManager: Mounting plugin OpenXREyeTracker
LogPluginManager: Mounting plugin OpenXRHandTracking
LogPluginManager: Mounting plugin PhysXVehicles
LogPluginManager: Mounting plugin PostSplashScreen
LogPluginManager: Mounting plugin ProceduralMeshComponent
LogPluginManager: Mounting plugin PropertyAccessEditor
LogPluginManager: Mounting plugin RuntimePhysXCooking
LogPluginManager: Mounting plugin SignificanceManager
LogPluginManager: Mounting plugin SoundFields
LogPluginManager: Mounting plugin Synthesis
LogPluginManager: Mounting plugin WebMMoviePlayer
LogPluginManager: Mounting plugin WindowsMoviePlayer
LogPluginManager: Mounting plugin ContentBrowserClassDataSource
LogPluginManager: Mounting plugin ContentBrowserFileDataSource
LogPluginManager: Mounting plugin ContentBrowserAssetDataSource
LogPluginManager: Mounting plugin OnlineSubsystemGooglePlay
LogPluginManager: Mounting plugin OnlineSubsystemIOS
LogPluginManager: Mounting plugin OculusVR
LogPluginManager: Mounting plugin SteamVR
PixWinPlugin: PIX capture plugin failed to initialize! Check that the process is launched from PIX.
LogInit: Using libcurl 7.55.1-DEV
LogInit:  - built for x86_64-pc-win32
LogInit:  - supports SSL with OpenSSL/1.1.1
LogInit:  - supports HTTP deflate (compression) using libz 1.2.8
LogInit:  - other features:
LogInit:      CURL_VERSION_SSL
LogInit:      CURL_VERSION_LIBZ
LogInit:      CURL_VERSION_IPV6
LogInit:      CURL_VERSION_ASYNCHDNS
LogInit:      CURL_VERSION_LARGEFILE
LogInit:      CURL_VERSION_IDN
LogInit:  CurlRequestOptions (configurable via config and command line):
LogInit:  - bVerifyPeer = true  - Libcurl will verify peer certificate
LogInit:  - bUseHttpProxy = false  - Libcurl will NOT use HTTP proxy
LogInit:  - bDontReuseConnections = false  - Libcurl will reuse connections
LogInit:  - MaxHostConnections = 16  - Libcurl will limit the number of connections to a host
LogInit:  - LocalHostAddr = Default
LogInit:  - BufferSize = 65536
LogOnline: OSS: Creating online subsystem instance for: NULL
LogInit: WinSock: version 1.1 (2.2), MaxSocks=32767, MaxUdp=65467
LogOnline: OSS: TryLoadSubsystemAndSetDefault: Loaded subsystem for module [NULL]
LogOculusPluginWrapper: OculusPlugin initialized successfully
LogHMD: Failed initializing OVRPlugin 1.59.0
LogInit: Build: ++UE4+Release-4.27-CL-18319896
LogInit: Engine Version: 4.27.2-18319896+++UE4+Release-4.27
LogInit: Compatible Engine Version: 4.27.0-17155196+++UE4+Release-4.27
LogInit: Net CL: 17155196
LogInit: OS: Windows 10 (Release 2009) (), CPU: Intel(R) Core(TM) i5-8250U CPU @ 1.60GHz, GPU: Intel(R) UHD Graphics 620
LogInit: Compiled (64-bit): Nov 30 2021 07:12:08
LogInit: Compiled with Visual C++: 19.24.28315.00
LogInit: Build Configuration: Development
LogInit: Branch Name: ++UE4+Release-4.27
LogInit: Command Line: 
LogInit: Base Directory: C:/Program Files/Epic Games/UE_4.27/Engine/Binaries/Win64/
LogInit: Allocator: TBB
LogInit: Installed Engine Build: 1
LogDevObjectVersion: Number of dev versions registered: 29
LogDevObjectVersion:   Dev-Blueprints (B0D832E4-1F89-4F0D-ACCF-7EB736FD4AA2): 10
LogDevObjectVersion:   Dev-Build (E1C64328-A22C-4D53-A36C-8E866417BD8C): 0
LogDevObjectVersion:   Dev-Core (375EC13C-06E4-48FB-B500-84F0262A717E): 4
LogDevObjectVersion:   Dev-Editor (E4B068ED-F494-42E9-A231-DA0B2E46BB41): 40
LogDevObjectVersion:   Dev-Framework (CFFC743F-43B0-4480-9391-14DF171D2073): 37
LogDevObjectVersion:   Dev-Mobile (B02B49B5-BB20-44E9-A304-32B752E40360): 3
LogDevObjectVersion:   Dev-Networking (A4E4105C-59A1-49B5-A7C5-40C4547EDFEE): 0
LogDevObjectVersion:   Dev-Online (39C831C9-5AE6-47DC-9A44-9C173E1C8E7C): 0
LogDevObjectVersion:   Dev-Physics (78F01B33-EBEA-4F98-B9B4-84EACCB95AA2): 14
LogDevObjectVersion:   Dev-Platform (6631380F-2D4D-43E0-8009-CF276956A95A): 0
LogDevObjectVersion:   Dev-Rendering (12F88B9F-8875-4AFC-A67C-D90C383ABD29): 45
LogDevObjectVersion:   Dev-Sequencer (7B5AE74C-D270-4C10-A958-57980B212A5A): 13
LogDevObjectVersion:   Dev-VR (D7296918-1DD6-4BDD-9DE2-64A83CC13884): 3
LogDevObjectVersion:   Dev-LoadTimes (C2A15278-BFE7-4AFE-6C17-90FF531DF755): 1
LogDevObjectVersion:   Private-Geometry (6EACA3D4-40EC-4CC1-B786-8BED09428FC5): 3
LogDevObjectVersion:   Dev-AnimPhys (29E575DD-E0A3-4627-9D10-D276232CDCEA): 17
LogDevObjectVersion:   Dev-Anim (AF43A65D-7FD3-4947-9873-3E8ED9C1BB05): 15
LogDevObjectVersion:   Dev-ReflectionCapture (6B266CEC-1EC7-4B8F-A30B-E4D90942FC07): 1
LogDevObjectVersion:   Dev-Automation (0DF73D61-A23F-47EA-B727-89E90C41499A): 1
LogDevObjectVersion:   FortniteMain (601D1886-AC64-4F84-AA16-D3DE0DEAC7D6): 47
LogDevObjectVersion:   FortniteRelease (E7086368-6B23-4C58-8439-1B7016265E91): 1
LogDevObjectVersion:   Dev-Enterprise (9DFFBCD6-494F-0158-E221-12823C92A888): 10
LogDevObjectVersion:   Dev-Niagara (F2AED0AC-9AFE-416F-8664-AA7FFA26D6FC): 1
LogDevObjectVersion:   Dev-Destruction (174F1F0B-B4C6-45A5-B13F-2EE8D0FB917D): 10
LogDevObjectVersion:   Dev-Physics-Ext (35F94A83-E258-406C-A318-09F59610247C): 41
LogDevObjectVersion:   Dev-PhysicsMaterial-Chaos (B68FC16E-8B1B-42E2-B453-215C058844FE): 1
LogDevObjectVersion:   Dev-CineCamera (B2E18506-4273-CFC2-A54E-F4BB758BBA07): 1
LogDevObjectVersion:   Dev-VirtualProduction (64F58936-FD1B-42BA-BA96-7289D5D0FA4E): 1
LogDevObjectVersion:   Dev-MediaFramework (6F0ED827-A609-4895-9C91-998D90180EA4): 2
LogInit: Presizing for max 25165824 objects, including 0 objects not considered by GC, pre-allocating 0 bytes for permanent pool.
LogConfig: Applying CVar settings from Section [/Script/Engine.StreamingSettings] File [C:/Users/mario/Documents/Unreal Projects/ChessUnreal/Chess/Saved/Config/Windows/Engine.ini]
LogConfig: Setting CVar [[s.MinBulkDataSizeForAsyncLoading:131072]]
LogConfig: Setting CVar [[s.AsyncLoadingThreadEnabled:0]]
LogConfig: Setting CVar [[s.EventDrivenLoaderEnabled:1]]
LogConfig: Setting CVar [[s.WarnIfTimeLimitExceeded:0]]
LogConfig: Setting CVar [[s.TimeLimitExceededMultiplier:1.5]]
LogConfig: Setting CVar [[s.TimeLimitExceededMinTime:0.005]]
LogConfig: Setting CVar [[s.UseBackgroundLevelStreaming:1]]
LogConfig: Setting CVar [[s.PriorityAsyncLoadingExtraTime:15.0]]
LogConfig: Setting CVar [[s.LevelStreamingActorsUpdateTimeLimit:5.0]]
LogConfig: Setting CVar [[s.PriorityLevelStreamingActorsUpdateExtraTime:5.0]]
LogConfig: Setting CVar [[s.LevelStreamingComponentsRegistrationGranularity:10]]
LogConfig: Setting CVar [[s.UnregisterComponentsTimeLimit:1.0]]
LogConfig: Setting CVar [[s.LevelStreamingComponentsUnregistrationGranularity:5]]
LogConfig: Setting CVar [[s.FlushStreamingOnExit:1]]
LogInit: Object subsystem initialized
LogConfig: Setting CVar [[con.DebugEarlyDefault:1]]
LogConfig: Setting CVar [[r.setres:1280x720]]
[2022.03.16-12.51.29:083][  0]LogConfig: Setting CVar [[r.VSync:0]]
[2022.03.16-12.51.29:083][  0]LogConfig: Setting CVar [[r.RHICmdBypass:0]]
[2022.03.16-12.51.29:083][  0]LogConfig: Applying CVar settings from Section [/Script/Engine.RendererSettings] File [C:/Users/mario/Documents/Unreal Projects/ChessUnreal/Chess/Saved/Config/Windows/Engine.ini]
[2022.03.16-12.51.29:083][  0]LogConfig: Setting CVar [[r.GPUCrashDebugging:0]]
[2022.03.16-12.51.29:083][  0]LogConfig: Applying CVar settings from Section [/Script/Engine.RendererOverrideSettings] File [C:/Users/mario/Documents/Unreal Projects/ChessUnreal/Chess/Saved/Config/Windows/Engine.ini]
[2022.03.16-12.51.29:083][  0]LogConfig: Applying CVar settings from Section [/Script/Engine.StreamingSettings] File [C:/Users/mario/Documents/Unreal Projects/ChessUnreal/Chess/Saved/Config/Windows/Engine.ini]
[2022.03.16-12.51.29:083][  0]LogConfig: Setting CVar [[s.MinBulkDataSizeForAsyncLoading:131072]]
[2022.03.16-12.51.29:083][  0]LogConfig: Setting CVar [[s.AsyncLoadingThreadEnabled:0]]
[2022.03.16-12.51.29:083][  0]LogConfig: Setting CVar [[s.EventDrivenLoaderEnabled:1]]
[2022.03.16-12.51.29:084][  0]LogConfig: Setting CVar [[s.WarnIfTimeLimitExceeded:0]]
[2022.03.16-12.51.29:084][  0]LogConfig: Setting CVar [[s.TimeLimitExceededMultiplier:1.5]]
[2022.03.16-12.51.29:084][  0]LogConfig: Setting CVar [[s.TimeLimitExceededMinTime:0.005]]
[2022.03.16-12.51.29:084][  0]LogConfig: Setting CVar [[s.UseBackgroundLevelStreaming:1]]
[2022.03.16-12.51.29:084][  0]LogConfig: Setting CVar [[s.PriorityAsyncLoadingExtraTime:15.0]]
[2022.03.16-12.51.29:084][  0]LogConfig: Setting CVar [[s.LevelStreamingActorsUpdateTimeLimit:5.0]]
[2022.03.16-12.51.29:084][  0]LogConfig: Setting CVar [[s.PriorityLevelStreamingActorsUpdateExtraTime:5.0]]
[2022.03.16-12.51.29:084][  0]LogConfig: Setting CVar [[s.LevelStreamingComponentsRegistrationGranularity:10]]
[2022.03.16-12.51.29:084][  0]LogConfig: Setting CVar [[s.UnregisterComponentsTimeLimit:1.0]]
[2022.03.16-12.51.29:084][  0]LogConfig: Setting CVar [[s.LevelStreamingComponentsUnregistrationGranularity:5]]
[2022.03.16-12.51.29:084][  0]LogConfig: Setting CVar [[s.FlushStreamingOnExit:1]]
[2022.03.16-12.51.29:084][  0]LogConfig: Applying CVar settings from Section [/Script/Engine.GarbageCollectionSettings] File [C:/Users/mario/Documents/Unreal Projects/ChessUnreal/Chess/Saved/Config/Windows/Engine.ini]
[2022.03.16-12.51.29:084][  0]LogConfig: Setting CVar [[gc.MaxObjectsNotConsideredByGC:1]]
[2022.03.16-12.51.29:084][  0]LogConfig: Setting CVar [[gc.SizeOfPermanentObjectPool:0]]
[2022.03.16-12.51.29:084][  0]LogConfig: Setting CVar [[gc.FlushStreamingOnGC:0]]
[2022.03.16-12.51.29:084][  0]LogConfig: Setting CVar [[gc.NumRetriesBeforeForcingGC:10]]
[2022.03.16-12.51.29:084][  0]LogConfig: Setting CVar [[gc.AllowParallelGC:1]]
[2022.03.16-12.51.29:084][  0]LogConfig: Setting CVar [[gc.TimeBetweenPurgingPendingKillObjects:61.1]]
[2022.03.16-12.51.29:084][  0]LogConfig: Setting CVar [[gc.MaxObjectsInEditor:25165824]]
[2022.03.16-12.51.29:084][  0]LogConfig: Setting CVar [[gc.IncrementalBeginDestroyEnabled:1]]
[2022.03.16-12.51.29:084][  0]LogConfig: Setting CVar [[gc.CreateGCClusters:1]]
[2022.03.16-12.51.29:084][  0]LogConfig: Setting CVar [[gc.MinGCClusterSize:5]]
[2022.03.16-12.51.29:084][  0]LogConfig: Setting CVar [[gc.ActorClusteringEnabled:0]]
[2022.03.16-12.51.29:084][  0]LogConfig: Setting CVar [[gc.BlueprintClusteringEnabled:0]]
[2022.03.16-12.51.29:084][  0]LogConfig: Setting CVar [[gc.UseDisregardForGCOnDedicatedServers:0]]
[2022.03.16-12.51.29:084][  0]LogConfig: Setting CVar [[gc.MultithreadedDestructionEnabled:1]]
[2022.03.16-12.51.29:084][  0]LogConfig: Applying CVar settings from Section [/Script/Engine.NetworkSettings] File [C:/Users/mario/Documents/Unreal Projects/ChessUnreal/Chess/Saved/Config/Windows/Engine.ini]
[2022.03.16-12.51.29:084][  0]LogConfig: Applying CVar settings from Section [/Script/UnrealEd.CookerSettings] File [C:/Users/mario/Documents/Unreal Projects/ChessUnreal/Chess/Saved/Config/Windows/Engine.ini]
[2022.03.16-12.51.29:102][  0]LogConfig: Applying CVar settings from Section [ViewDistanceQuality@3] File [C:/Users/mario/Documents/Unreal Projects/ChessUnreal/Chess/Saved/Config/Windows/Scalability.ini]
[2022.03.16-12.51.29:102][  0]LogConfig: Setting CVar [[r.SkeletalMeshLODBias:0]]
[2022.03.16-12.51.29:102][  0]LogConfig: Setting CVar [[r.ViewDistanceScale:1.0]]
[2022.03.16-12.51.29:102][  0]LogConfig: Applying CVar settings from Section [AntiAliasingQuality@3] File [C:/Users/mario/Documents/Unreal Projects/ChessUnreal/Chess/Saved/Config/Windows/Scalability.ini]
[2022.03.16-12.51.29:102][  0]LogConfig: Setting CVar [[r.PostProcessAAQuality:4]]
[2022.03.16-12.51.29:102][  0]LogConfig: Applying CVar settings from Section [ShadowQuality@3] File [C:/Users/mario/Documents/Unreal Projects/ChessUnreal/Chess/Saved/Config/Windows/Scalability.ini]
[2022.03.16-12.51.29:102][  0]LogConfig: Setting CVar [[r.LightFunctionQuality:1]]
[2022.03.16-12.51.29:102][  0]LogConfig: Setting CVar [[r.ShadowQuality:5]]
[2022.03.16-12.51.29:102][  0]LogConfig: Setting CVar [[r.Shadow.CSM.MaxCascades:10]]
[2022.03.16-12.51.29:102][  0]LogConfig: Setting CVar [[r.Shadow.MaxResolution:2048]]
[2022.03.16-12.51.29:102][  0]LogConfig: Setting CVar [[r.Shadow.MaxCSMResolution:2048]]
[2022.03.16-12.51.29:102][  0]LogConfig: Setting CVar [[r.Shadow.RadiusThreshold:0.01]]
[2022.03.16-12.51.29:102][  0]LogConfig: Setting CVar [[r.Shadow.DistanceScale:1.0]]
[2022.03.16-12.51.29:102][  0]LogConfig: Setting CVar [[r.Shadow.CSM.TransitionScale:1.0]]
[2022.03.16-12.51.29:102][  0]LogConfig: Setting CVar [[r.Shadow.PreShadowResolutionFactor:1.0]]
[2022.03.16-12.51.29:102][  0]LogConfig: Setting CVar [[r.DistanceFieldShadowing:1]]
[2022.03.16-12.51.29:102][  0]LogConfig: Setting CVar [[r.DistanceFieldAO:1]]
[2022.03.16-12.51.29:102][  0]LogConfig: Setting CVar [[r.AOQuality:2]]
[2022.03.16-12.51.29:102][  0]LogConfig: Setting CVar [[r.VolumetricFog:1]]
[2022.03.16-12.51.29:102][  0]LogConfig: Setting CVar [[r.VolumetricFog.GridPixelSize:8]]
[2022.03.16-12.51.29:102][  0]LogConfig: Setting CVar [[r.VolumetricFog.GridSizeZ:128]]
[2022.03.16-12.51.29:102][  0]LogConfig: Setting CVar [[r.VolumetricFog.HistoryMissSupersampleCount:4]]
[2022.03.16-12.51.29:102][  0]LogConfig: Setting CVar [[r.LightMaxDrawDistanceScale:1]]
[2022.03.16-12.51.29:102][  0]LogConfig: Setting CVar [[r.CapsuleShadows:1]]
[2022.03.16-12.51.29:102][  0]LogConfig: Applying CVar settings from Section [PostProcessQuality@3] File [C:/Users/mario/Documents/Unreal Projects/ChessUnreal/Chess/Saved/Config/Windows/Scalability.ini]
[2022.03.16-12.51.29:102][  0]LogConfig: Setting CVar [[r.MotionBlurQuality:4]]
[2022.03.16-12.51.29:102][  0]LogConfig: Setting CVar [[r.AmbientOcclusionMipLevelFactor:0.4]]
[2022.03.16-12.51.29:103][  0]LogConfig: Setting CVar [[r.AmbientOcclusionMaxQuality:100]]
[2022.03.16-12.51.29:103][  0]LogConfig: Setting CVar [[r.AmbientOcclusionLevels:-1]]
[2022.03.16-12.51.29:103][  0]LogConfig: Setting CVar [[r.AmbientOcclusionRadiusScale:1.0]]
[2022.03.16-12.51.29:103][  0]LogConfig: Setting CVar [[r.DepthOfFieldQuality:2]]
[2022.03.16-12.51.29:103][  0]LogConfig: Setting CVar [[r.RenderTargetPoolMin:400]]
[2022.03.16-12.51.29:103][  0]LogConfig: Setting CVar [[r.LensFlareQuality:2]]
[2022.03.16-12.51.29:103][  0]LogConfig: Setting CVar [[r.SceneColorFringeQuality:1]]
[2022.03.16-12.51.29:103][  0]LogConfig: Setting CVar [[r.EyeAdaptationQuality:2]]
[2022.03.16-12.51.29:103][  0]LogConfig: Setting CVar [[r.BloomQuality:5]]
[2022.03.16-12.51.29:103][  0]LogConfig: Setting CVar [[r.FastBlurThreshold:100]]
[2022.03.16-12.51.29:103][  0]LogConfig: Setting CVar [[r.Upscale.Quality:3]]
[2022.03.16-12.51.29:103][  0]LogConfig: Setting CVar [[r.Tonemapper.GrainQuantization:1]]
[2022.03.16-12.51.29:103][  0]LogConfig: Setting CVar [[r.LightShaftQuality:1]]
[2022.03.16-12.51.29:103][  0]LogConfig: Setting CVar [[r.Filter.SizeScale:1]]
[2022.03.16-12.51.29:103][  0]LogConfig: Setting CVar [[r.Tonemapper.Quality:5]]
[2022.03.16-12.51.29:103][  0]LogConfig: Setting CVar [[r.DOF.Gather.AccumulatorQuality:1        ; higher gathering accumulator quality]]
[2022.03.16-12.51.29:103][  0]LogConfig: Setting CVar [[r.DOF.Gather.PostfilterMethod:1          ; Median3x3 postfilering method]]
[2022.03.16-12.51.29:103][  0]LogConfig: Setting CVar [[r.DOF.Gather.EnableBokehSettings:0       ; no bokeh simulation when gathering]]
[2022.03.16-12.51.29:103][  0]LogConfig: Setting CVar [[r.DOF.Gather.RingCount:4                 ; medium number of samples when gathering]]
[2022.03.16-12.51.29:103][  0]LogConfig: Setting CVar [[r.DOF.Scatter.ForegroundCompositing:1    ; additive foreground scattering]]
[2022.03.16-12.51.29:103][  0]LogConfig: Setting CVar [[r.DOF.Scatter.BackgroundCompositing:2    ; additive background scattering]]
[2022.03.16-12.51.29:103][  0]LogConfig: Setting CVar [[r.DOF.Scatter.EnableBokehSettings:1      ; bokeh simulation when scattering]]
[2022.03.16-12.51.29:103][  0]LogConfig: Setting CVar [[r.DOF.Scatter.MaxSpriteRatio:0.1         ; only a maximum of 10% of scattered bokeh]]
[2022.03.16-12.51.29:103][  0]LogConfig: Setting CVar [[r.DOF.Recombine.Quality:1                ; cheap slight out of focus]]
[2022.03.16-12.51.29:103][  0]LogConfig: Setting CVar [[r.DOF.Recombine.EnableBokehSettings:0    ; no bokeh simulation on slight out of focus]]
[2022.03.16-12.51.29:103][  0]LogConfig: Setting CVar [[r.DOF.TemporalAAQuality:1                ; more stable temporal accumulation]]
[2022.03.16-12.51.29:103][  0]LogConfig: Setting CVar [[r.DOF.Kernel.MaxForegroundRadius:0.025]]
[2022.03.16-12.51.29:103][  0]LogConfig: Setting CVar [[r.DOF.Kernel.MaxBackgroundRadius:0.025]]
[2022.03.16-12.51.29:103][  0]LogConfig: Applying CVar settings from Section [TextureQuality@3] File [C:/Users/mario/Documents/Unreal Projects/ChessUnreal/Chess/Saved/Config/Windows/Scalability.ini]
[2022.03.16-12.51.29:103][  0]LogConfig: Setting CVar [[r.Streaming.MipBias:0]]
[2022.03.16-12.51.29:103][  0]LogConfig: Setting CVar [[r.Streaming.AmortizeCPUToGPUCopy:0]]
[2022.03.16-12.51.29:103][  0]LogConfig: Setting CVar [[r.Streaming.MaxNumTexturesToStreamPerFrame:0]]
[2022.03.16-12.51.29:103][  0]LogConfig: Setting CVar [[r.Streaming.Boost:1]]
[2022.03.16-12.51.29:103][  0]LogConfig: Setting CVar [[r.MaxAnisotropy:8]]
[2022.03.16-12.51.29:103][  0]LogConfig: Setting CVar [[r.VT.MaxAnisotropy:8]]
[2022.03.16-12.51.29:103][  0]LogConfig: Setting CVar [[r.Streaming.LimitPoolSizeToVRAM:0]]
[2022.03.16-12.51.29:103][  0]LogConfig: Setting CVar [[r.Streaming.PoolSize:1000]]
[2022.03.16-12.51.29:103][  0]LogConfig: Setting CVar [[r.Streaming.MaxEffectiveScreenSize:0]]
[2022.03.16-12.51.29:103][  0]LogConfig: Applying CVar settings from Section [EffectsQuality@3] File [C:/Users/mario/Documents/Unreal Projects/ChessUnreal/Chess/Saved/Config/Windows/Scalability.ini]
[2022.03.16-12.51.29:104][  0]LogConfig: Setting CVar [[r.TranslucencyLightingVolumeDim:64]]
[2022.03.16-12.51.29:104][  0]LogConfig: Setting CVar [[r.RefractionQuality:2]]
[2022.03.16-12.51.29:104][  0]LogConfig: Setting CVar [[r.SSR.Quality:3]]
[2022.03.16-12.51.29:104][  0]LogConfig: Setting CVar [[r.SSR.HalfResSceneColor:0]]
[2022.03.16-12.51.29:104][  0]LogConfig: Setting CVar [[r.SceneColorFormat:4]]
[2022.03.16-12.51.29:104][  0]LogConfig: Setting CVar [[r.DetailMode:2]]
[2022.03.16-12.51.29:104][  0]LogConfig: Setting CVar [[r.TranslucencyVolumeBlur:1]]
[2022.03.16-12.51.29:104][  0]LogConfig: Setting CVar [[r.MaterialQualityLevel:1 ; High quality]]
[2022.03.16-12.51.29:104][  0]LogConfig: Setting CVar [[r.AnisotropicMaterials:1]]
[2022.03.16-12.51.29:104][  0]LogConfig: Setting CVar [[r.SSS.Scale:1]]
[2022.03.16-12.51.29:104][  0]LogConfig: Setting CVar [[r.SSS.SampleSet:2]]
[2022.03.16-12.51.29:104][  0]LogConfig: Setting CVar [[r.SSS.Quality:1]]
[2022.03.16-12.51.29:104][  0]LogConfig: Setting CVar [[r.SSS.HalfRes:0]]
[2022.03.16-12.51.29:104][  0]LogConfig: Setting CVar [[r.SSGI.Quality:3]]
[2022.03.16-12.51.29:104][  0]LogConfig: Setting CVar [[r.EmitterSpawnRateScale:1.0]]
[2022.03.16-12.51.29:104][  0]LogConfig: Setting CVar [[r.ParticleLightQuality:2]]
[2022.03.16-12.51.29:104][  0]LogConfig: Setting CVar [[r.SkyAtmosphere.AerialPerspectiveLUT.FastApplyOnOpaque:1 ; Always have FastSkyLUT 1 in this case to avoid wrong sky]]
[2022.03.16-12.51.29:104][  0]LogConfig: Setting CVar [[r.SkyAtmosphere.AerialPerspectiveLUT.SampleCountMaxPerSlice:4]]
[2022.03.16-12.51.29:104][  0]LogConfig: Setting CVar [[r.SkyAtmosphere.AerialPerspectiveLUT.DepthResolution:16.0]]
[2022.03.16-12.51.29:104][  0]LogConfig: Setting CVar [[r.SkyAtmosphere.FastSkyLUT:1]]
[2022.03.16-12.51.29:104][  0]LogConfig: Setting CVar [[r.SkyAtmosphere.FastSkyLUT.SampleCountMin:4.0]]
[2022.03.16-12.51.29:104][  0]LogConfig: Setting CVar [[r.SkyAtmosphere.FastSkyLUT.SampleCountMax:128.0]]
[2022.03.16-12.51.29:104][  0]LogConfig: Setting CVar [[r.SkyAtmosphere.SampleCountMin:4.0]]
[2022.03.16-12.51.29:104][  0]LogConfig: Setting CVar [[r.SkyAtmosphere.SampleCountMax:128.0]]
[2022.03.16-12.51.29:104][  0]LogConfig: Setting CVar [[r.SkyAtmosphere.TransmittanceLUT.UseSmallFormat:0]]
[2022.03.16-12.51.29:104][  0]LogConfig: Setting CVar [[r.SkyAtmosphere.TransmittanceLUT.SampleCount:10.0]]
[2022.03.16-12.51.29:104][  0]LogConfig: Setting CVar [[r.SkyAtmosphere.MultiScatteringLUT.SampleCount:15.0]]
[2022.03.16-12.51.29:104][  0]LogConfig: Setting CVar [[r.SkyLight.RealTimeReflectionCapture:1]]
[2022.03.16-12.51.29:104][  0]LogConfig: Applying CVar settings from Section [FoliageQuality@3] File [C:/Users/mario/Documents/Unreal Projects/ChessUnreal/Chess/Saved/Config/Windows/Scalability.ini]
[2022.03.16-12.51.29:104][  0]LogConfig: Setting CVar [[foliage.DensityScale:1.0]]
[2022.03.16-12.51.29:104][  0]LogConfig: Setting CVar [[grass.DensityScale:1.0]]
[2022.03.16-12.51.29:104][  0]LogConfig: Applying CVar settings from Section [ShadingQuality@3] File [C:/Users/mario/Documents/Unreal Projects/ChessUnreal/Chess/Saved/Config/Windows/Scalability.ini]
[2022.03.16-12.51.29:104][  0]LogConfig: Setting CVar [[r.HairStrands.SkyLighting.IntegrationType:2]]
[2022.03.16-12.51.29:104][  0]LogConfig: Setting CVar [[r.HairStrands.SkyAO.SampleCount:4]]
[2022.03.16-12.51.29:104][  0]LogConfig: Setting CVar [[r.HairStrands.Visibility.MSAA.SamplePerPixel:4]]
[2022.03.16-12.51.29:105][  0]LogInit: Selected Device Profile: [Windows]
[2022.03.16-12.51.29:105][  0]LogInit: Applying CVar settings loaded from the selected device profile: [Windows]
[2022.03.16-12.51.29:105][  0]LogHAL: Display: Platform has ~ 8 GB [8464601088 / 8589934592 / 8], which maps to Default [LargestMinGB=32, LargerMinGB=12, DefaultMinGB=8, SmallerMinGB=6, SmallestMinGB=0)
[2022.03.16-12.51.29:105][  0]LogInit: Going up to parent DeviceProfile []
[2022.03.16-12.51.29:106][  0]LogConfig: Applying CVar settings from Section [ViewDistanceQuality@3] File [C:/Users/mario/Documents/Unreal Projects/ChessUnreal/Chess/Saved/Config/Windows/Scalability.ini]
[2022.03.16-12.51.29:106][  0]LogConfig: Setting CVar [[r.SkeletalMeshLODBias:0]]
[2022.03.16-12.51.29:106][  0]LogConfig: Setting CVar [[r.ViewDistanceScale:1.0]]
[2022.03.16-12.51.29:106][  0]LogConfig: Applying CVar settings from Section [AntiAliasingQuality@3] File [C:/Users/mario/Documents/Unreal Projects/ChessUnreal/Chess/Saved/Config/Windows/Scalability.ini]
[2022.03.16-12.51.29:106][  0]LogConfig: Setting CVar [[r.PostProcessAAQuality:4]]
[2022.03.16-12.51.29:106][  0]LogConfig: Applying CVar settings from Section [ShadowQuality@3] File [C:/Users/mario/Documents/Unreal Projects/ChessUnreal/Chess/Saved/Config/Windows/Scalability.ini]
[2022.03.16-12.51.29:106][  0]LogConfig: Setting CVar [[r.LightFunctionQuality:1]]
[2022.03.16-12.51.29:106][  0]LogConfig: Setting CVar [[r.ShadowQuality:5]]
[2022.03.16-12.51.29:106][  0]LogConfig: Setting CVar [[r.Shadow.CSM.MaxCascades:10]]
[2022.03.16-12.51.29:106][  0]LogConfig: Setting CVar [[r.Shadow.MaxResolution:2048]]
[2022.03.16-12.51.29:106][  0]LogConfig: Setting CVar [[r.Shadow.MaxCSMResolution:2048]]
[2022.03.16-12.51.29:106][  0]LogConfig: Setting CVar [[r.Shadow.RadiusThreshold:0.01]]
[2022.03.16-12.51.29:106][  0]LogConfig: Setting CVar [[r.Shadow.DistanceScale:1.0]]
[2022.03.16-12.51.29:106][  0]LogConfig: Setting CVar [[r.Shadow.CSM.TransitionScale:1.0]]
[2022.03.16-12.51.29:106][  0]LogConfig: Setting CVar [[r.Shadow.PreShadowResolutionFactor:1.0]]
[2022.03.16-12.51.29:106][  0]LogConfig: Setting CVar [[r.DistanceFieldShadowing:1]]
[2022.03.16-12.51.29:106][  0]LogConfig: Setting CVar [[r.DistanceFieldAO:1]]
[2022.03.16-12.51.29:106][  0]LogConfig: Setting CVar [[r.AOQuality:2]]
[2022.03.16-12.51.29:106][  0]LogConfig: Setting CVar [[r.VolumetricFog:1]]
[2022.03.16-12.51.29:106][  0]LogConfig: Setting CVar [[r.VolumetricFog.GridPixelSize:8]]
[2022.03.16-12.51.29:106][  0]LogConfig: Setting CVar [[r.VolumetricFog.GridSizeZ:128]]
[2022.03.16-12.51.29:106][  0]LogConfig: Setting CVar [[r.VolumetricFog.HistoryMissSupersampleCount:4]]
[2022.03.16-12.51.29:106][  0]LogConfig: Setting CVar [[r.LightMaxDrawDistanceScale:1]]
[2022.03.16-12.51.29:106][  0]LogConfig: Setting CVar [[r.CapsuleShadows:1]]
[2022.03.16-12.51.29:106][  0]LogConfig: Applying CVar settings from Section [PostProcessQuality@3] File [C:/Users/mario/Documents/Unreal Projects/ChessUnreal/Chess/Saved/Config/Windows/Scalability.ini]
[2022.03.16-12.51.29:106][  0]LogConfig: Setting CVar [[r.MotionBlurQuality:4]]
[2022.03.16-12.51.29:106][  0]LogConfig: Setting CVar [[r.AmbientOcclusionMipLevelFactor:0.4]]
[2022.03.16-12.51.29:106][  0]LogConfig: Setting CVar [[r.AmbientOcclusionMaxQuality:100]]
[2022.03.16-12.51.29:106][  0]LogConfig: Setting CVar [[r.AmbientOcclusionLevels:-1]]
[2022.03.16-12.51.29:106][  0]LogConfig: Setting CVar [[r.AmbientOcclusionRadiusScale:1.0]]
[2022.03.16-12.51.29:106][  0]LogConfig: Setting CVar [[r.DepthOfFieldQuality:2]]
[2022.03.16-12.51.29:106][  0]LogConfig: Setting CVar [[r.RenderTargetPoolMin:400]]
[2022.03.16-12.51.29:107][  0]LogConfig: Setting CVar [[r.LensFlareQuality:2]]
[2022.03.16-12.51.29:107][  0]LogConfig: Setting CVar [[r.SceneColorFringeQuality:1]]
[2022.03.16-12.51.29:107][  0]LogConfig: Setting CVar [[r.EyeAdaptationQuality:2]]
[2022.03.16-12.51.29:107][  0]LogConfig: Setting CVar [[r.BloomQuality:5]]
[2022.03.16-12.51.29:107][  0]LogConfig: Setting CVar [[r.FastBlurThreshold:100]]
[2022.03.16-12.51.29:107][  0]LogConfig: Setting CVar [[r.Upscale.Quality:3]]
[2022.03.16-12.51.29:107][  0]LogConfig: Setting CVar [[r.Tonemapper.GrainQuantization:1]]
[2022.03.16-12.51.29:107][  0]LogConfig: Setting CVar [[r.LightShaftQuality:1]]
[2022.03.16-12.51.29:107][  0]LogConfig: Setting CVar [[r.Filter.SizeScale:1]]
[2022.03.16-12.51.29:107][  0]LogConfig: Setting CVar [[r.Tonemapper.Quality:5]]
[2022.03.16-12.51.29:107][  0]LogConfig: Setting CVar [[r.DOF.Gather.AccumulatorQuality:1        ; higher gathering accumulator quality]]
[2022.03.16-12.51.29:107][  0]LogConfig: Setting CVar [[r.DOF.Gather.PostfilterMethod:1          ; Median3x3 postfilering method]]
[2022.03.16-12.51.29:107][  0]LogConfig: Setting CVar [[r.DOF.Gather.EnableBokehSettings:0       ; no bokeh simulation when gathering]]
[2022.03.16-12.51.29:107][  0]LogConfig: Setting CVar [[r.DOF.Gather.RingCount:4                 ; medium number of samples when gathering]]
[2022.03.16-12.51.29:107][  0]LogConfig: Setting CVar [[r.DOF.Scatter.ForegroundCompositing:1    ; additive foreground scattering]]
[2022.03.16-12.51.29:107][  0]LogConfig: Setting CVar [[r.DOF.Scatter.BackgroundCompositing:2    ; additive background scattering]]
[2022.03.16-12.51.29:107][  0]LogConfig: Setting CVar [[r.DOF.Scatter.EnableBokehSettings:1      ; bokeh simulation when scattering]]
[2022.03.16-12.51.29:107][  0]LogConfig: Setting CVar [[r.DOF.Scatter.MaxSpriteRatio:0.1         ; only a maximum of 10% of scattered bokeh]]
[2022.03.16-12.51.29:107][  0]LogConfig: Setting CVar [[r.DOF.Recombine.Quality:1                ; cheap slight out of focus]]
[2022.03.16-12.51.29:107][  0]LogConfig: Setting CVar [[r.DOF.Recombine.EnableBokehSettings:0    ; no bokeh simulation on slight out of focus]]
[2022.03.16-12.51.29:107][  0]LogConfig: Setting CVar [[r.DOF.TemporalAAQuality:1                ; more stable temporal accumulation]]
[2022.03.16-12.51.29:107][  0]LogConfig: Setting CVar [[r.DOF.Kernel.MaxForegroundRadius:0.025]]
[2022.03.16-12.51.29:107][  0]LogConfig: Setting CVar [[r.DOF.Kernel.MaxBackgroundRadius:0.025]]
[2022.03.16-12.51.29:107][  0]LogConfig: Applying CVar settings from Section [TextureQuality@3] File [C:/Users/mario/Documents/Unreal Projects/ChessUnreal/Chess/Saved/Config/Windows/Scalability.ini]
[2022.03.16-12.51.29:107][  0]LogConfig: Setting CVar [[r.Streaming.MipBias:0]]
[2022.03.16-12.51.29:107][  0]LogConfig: Setting CVar [[r.Streaming.AmortizeCPUToGPUCopy:0]]
[2022.03.16-12.51.29:107][  0]LogConfig: Setting CVar [[r.Streaming.MaxNumTexturesToStreamPerFrame:0]]
[2022.03.16-12.51.29:107][  0]LogConfig: Setting CVar [[r.Streaming.Boost:1]]
[2022.03.16-12.51.29:107][  0]LogConfig: Setting CVar [[r.MaxAnisotropy:8]]
[2022.03.16-12.51.29:107][  0]LogConfig: Setting CVar [[r.VT.MaxAnisotropy:8]]
[2022.03.16-12.51.29:107][  0]LogConfig: Setting CVar [[r.Streaming.LimitPoolSizeToVRAM:0]]
[2022.03.16-12.51.29:107][  0]LogConfig: Setting CVar [[r.Streaming.PoolSize:1000]]
[2022.03.16-12.51.29:107][  0]LogConfig: Setting CVar [[r.Streaming.MaxEffectiveScreenSize:0]]
[2022.03.16-12.51.29:107][  0]LogConfig: Applying CVar settings from Section [EffectsQuality@3] File [C:/Users/mario/Documents/Unreal Projects/ChessUnreal/Chess/Saved/Config/Windows/Scalability.ini]
[2022.03.16-12.51.29:107][  0]LogConfig: Setting CVar [[r.TranslucencyLightingVolumeDim:64]]
[2022.03.16-12.51.29:107][  0]LogConfig: Setting CVar [[r.RefractionQuality:2]]
[2022.03.16-12.51.29:107][  0]LogConfig: Setting CVar [[r.SSR.Quality:3]]
[2022.03.16-12.51.29:107][  0]LogConfig: Setting CVar [[r.SSR.HalfResSceneColor:0]]
[2022.03.16-12.51.29:107][  0]LogConfig: Setting CVar [[r.SceneColorFormat:4]]
[2022.03.16-12.51.29:107][  0]LogConfig: Setting CVar [[r.DetailMode:2]]
[2022.03.16-12.51.29:107][  0]LogConfig: Setting CVar [[r.TranslucencyVolumeBlur:1]]
[2022.03.16-12.51.29:107][  0]LogConfig: Setting CVar [[r.MaterialQualityLevel:1 ; High quality]]
[2022.03.16-12.51.29:108][  0]LogConfig: Setting CVar [[r.AnisotropicMaterials:1]]
[2022.03.16-12.51.29:108][  0]LogConfig: Setting CVar [[r.SSS.Scale:1]]
[2022.03.16-12.51.29:108][  0]LogConfig: Setting CVar [[r.SSS.SampleSet:2]]
[2022.03.16-12.51.29:108][  0]LogConfig: Setting CVar [[r.SSS.Quality:1]]
[2022.03.16-12.51.29:108][  0]LogConfig: Setting CVar [[r.SSS.HalfRes:0]]
[2022.03.16-12.51.29:108][  0]LogConfig: Setting CVar [[r.SSGI.Quality:3]]
[2022.03.16-12.51.29:108][  0]LogConfig: Setting CVar [[r.EmitterSpawnRateScale:1.0]]
[2022.03.16-12.51.29:108][  0]LogConfig: Setting CVar [[r.ParticleLightQuality:2]]
[2022.03.16-12.51.29:108][  0]LogConfig: Setting CVar [[r.SkyAtmosphere.AerialPerspectiveLUT.FastApplyOnOpaque:1 ; Always have FastSkyLUT 1 in this case to avoid wrong sky]]
[2022.03.16-12.51.29:108][  0]LogConfig: Setting CVar [[r.SkyAtmosphere.AerialPerspectiveLUT.SampleCountMaxPerSlice:4]]
[2022.03.16-12.51.29:108][  0]LogConfig: Setting CVar [[r.SkyAtmosphere.AerialPerspectiveLUT.DepthResolution:16.0]]
[2022.03.16-12.51.29:108][  0]LogConfig: Setting CVar [[r.SkyAtmosphere.FastSkyLUT:1]]
[2022.03.16-12.51.29:108][  0]LogConfig: Setting CVar [[r.SkyAtmosphere.FastSkyLUT.SampleCountMin:4.0]]
[2022.03.16-12.51.29:108][  0]LogConfig: Setting CVar [[r.SkyAtmosphere.FastSkyLUT.SampleCountMax:128.0]]
[2022.03.16-12.51.29:108][  0]LogConfig: Setting CVar [[r.SkyAtmosphere.SampleCountMin:4.0]]
[2022.03.16-12.51.29:108][  0]LogConfig: Setting CVar [[r.SkyAtmosphere.SampleCountMax:128.0]]
[2022.03.16-12.51.29:108][  0]LogConfig: Setting CVar [[r.SkyAtmosphere.TransmittanceLUT.UseSmallFormat:0]]
[2022.03.16-12.51.29:108][  0]LogConfig: Setting CVar [[r.SkyAtmosphere.TransmittanceLUT.SampleCount:10.0]]
[2022.03.16-12.51.29:108][  0]LogConfig: Setting CVar [[r.SkyAtmosphere.MultiScatteringLUT.SampleCount:15.0]]
[2022.03.16-12.51.29:108][  0]LogConfig: Setting CVar [[r.SkyLight.RealTimeReflectionCapture:1]]
[2022.03.16-12.51.29:108][  0]LogConfig: Applying CVar settings from Section [FoliageQuality@3] File [C:/Users/mario/Documents/Unreal Projects/ChessUnreal/Chess/Saved/Config/Windows/Scalability.ini]
[2022.03.16-12.51.29:108][  0]LogConfig: Setting CVar [[foliage.DensityScale:1.0]]
[2022.03.16-12.51.29:108][  0]LogConfig: Setting CVar [[grass.DensityScale:1.0]]
[2022.03.16-12.51.29:108][  0]LogConfig: Applying CVar settings from Section [ShadingQuality@3] File [C:/Users/mario/Documents/Unreal Projects/ChessUnreal/Chess/Saved/Config/Windows/Scalability.ini]
[2022.03.16-12.51.29:108][  0]LogConfig: Setting CVar [[r.HairStrands.SkyLighting.IntegrationType:2]]
[2022.03.16-12.51.29:108][  0]LogConfig: Setting CVar [[r.HairStrands.SkyAO.SampleCount:4]]
[2022.03.16-12.51.29:108][  0]LogConfig: Setting CVar [[r.HairStrands.Visibility.MSAA.SamplePerPixel:4]]
[2022.03.16-12.51.29:108][  0]LogConfig: Applying CVar settings from Section [Startup] File [../../../Engine/Config/ConsoleVariables.ini]
[2022.03.16-12.51.29:109][  0]LogConfig: Setting CVar [[net.UseAdaptiveNetUpdateFrequency:0]]
[2022.03.16-12.51.29:109][  0]LogConfig: Setting CVar [[p.chaos.AllowCreatePhysxBodies:1]]
[2022.03.16-12.51.29:109][  0]LogConfig: Setting CVar [[fx.SkipVectorVMBackendOptimizations:1]]
[2022.03.16-12.51.29:109][  0]LogConfig: Applying CVar settings from Section [ConsoleVariables] File [C:/Users/mario/Documents/Unreal Projects/ChessUnreal/Chess/Saved/Config/Windows/Engine.ini]
[2022.03.16-12.51.29:109][  0]LogConfig: Applying CVar settings from Section [ConsoleVariables] File [C:/Users/mario/Documents/Unreal Projects/ChessUnreal/Chess/Saved/Config/Windows/Editor.ini]
[2022.03.16-12.51.29:110][  0]LogInit: Computer: LAPTOP-2IA5QR4I
[2022.03.16-12.51.29:110][  0]LogInit: User: Marion
[2022.03.16-12.51.29:110][  0]LogInit: CPU Page size=4096, Cores=4
[2022.03.16-12.51.29:110][  0]LogInit: High frequency timer resolution =10.000000 MHz
[2022.03.16-12.51.29:110][  0]LogMemory: Memory total: Physical=7.9GB (8GB approx)
[2022.03.16-12.51.29:110][  0]LogMemory: Platform Memory Stats for Windows
[2022.03.16-12.51.29:110][  0]LogMemory: Process Physical Memory: 141.05 MB used, 141.05 MB peak
[2022.03.16-12.51.29:110][  0]LogMemory: Process Virtual Memory: 114.62 MB used, 114.62 MB peak
[2022.03.16-12.51.29:110][  0]LogMemory: Physical Memory: 6753.25 MB used,  1319.23 MB free, 8072.47 MB total
[2022.03.16-12.51.29:110][  0]LogMemory: Virtual Memory: 134212336.00 MB used,  5392.57 MB free, 134217728.00 MB total
[2022.03.16-12.51.29:119][  0]LogWindows: WindowsPlatformFeatures enabled
[2022.03.16-12.51.29:234][  0]LogInit: Physics initialised using underlying interface: PhysX
[2022.03.16-12.51.29:240][  0]LogInit: Using OS detected language (fr-FR).
[2022.03.16-12.51.29:240][  0]LogInit: Using OS detected locale (fr-FR).
[2022.03.16-12.51.29:260][  0]LogTextLocalizationManager: No specific localization for 'fr-FR' exists, so the 'fr' localization will be used.
[2022.03.16-12.51.29:260][  0]LogTextLocalizationResource: LocRes '../../../Engine/Content/Localization/Editor/fr/Editor.locres' could not be opened for reading!
[2022.03.16-12.51.29:260][  0]LogTextLocalizationResource: LocRes '../../../Engine/Content/Localization/EditorTutorials/fr/EditorTutorials.locres' could not be opened for reading!
[2022.03.16-12.51.29:260][  0]LogTextLocalizationResource: LocRes '../../../Engine/Content/Localization/Keywords/fr/Keywords.locres' could not be opened for reading!
[2022.03.16-12.51.29:260][  0]LogTextLocalizationResource: LocRes '../../../Engine/Content/Localization/Category/fr/Category.locres' could not be opened for reading!
[2022.03.16-12.51.29:261][  0]LogTextLocalizationResource: LocRes '../../../Engine/Content/Localization/ToolTips/fr/ToolTips.locres' could not be opened for reading!
[2022.03.16-12.51.29:261][  0]LogTextLocalizationResource: LocRes '../../../Engine/Content/Localization/PropertyNames/fr/PropertyNames.locres' could not be opened for reading!
[2022.03.16-12.51.29:261][  0]LogTextLocalizationResource: LocRes '../../../Engine/Content/Localization/Engine/fr/Engine.locres' could not be opened for reading!
[2022.03.16-12.51.29:263][  0]LogInit: Setting process to per monitor DPI aware
[2022.03.16-12.51.29:295][  0]LogWindowsTextInputMethodSystem: Display: IME system deactivated.
[2022.03.16-12.51.29:371][  0]LogSlate: New Slate User Created.  User Index 0, Is Virtual User: 0
[2022.03.16-12.51.29:371][  0]LogSlate: Slate User Registered.  User Index 0, Is Virtual User: 0
[2022.03.16-12.51.29:784][  0]LogD3D11RHI: Loaded GFSDK_Aftermath_Lib.x64.dll
[2022.03.16-12.51.29:790][  0]LogHMD: Failed to initialize OpenVR with code 110
[2022.03.16-12.51.29:790][  0]LogD3D11RHI: D3D11 min allowed feature level: 11_0
[2022.03.16-12.51.29:790][  0]LogD3D11RHI: D3D11 max allowed feature level: 11_0
[2022.03.16-12.51.29:790][  0]LogD3D11RHI: D3D11 adapters:
[2022.03.16-12.51.29:876][  0]LogD3D11RHI:    0. 'Intel(R) UHD Graphics 620' (Feature Level 11_0)
[2022.03.16-12.51.29:876][  0]LogD3D11RHI:       128/0/4036 MB DedicatedVideo/DedicatedSystem/SharedSystem, Outputs:1, VendorId:0x8086
[2022.03.16-12.51.29:880][  0]LogD3D11RHI:    1. 'Microsoft Basic Render Driver' (Feature Level 11_0)
[2022.03.16-12.51.29:880][  0]LogD3D11RHI:       0/0/4036 MB DedicatedVideo/DedicatedSystem/SharedSystem, Outputs:0, VendorId:0x1414
[2022.03.16-12.51.29:880][  0]LogD3D11RHI: Chosen D3D11 Adapter:
[2022.03.16-12.51.29:880][  0]LogD3D11RHI:     Description : Intel(R) UHD Graphics 620
[2022.03.16-12.51.29:880][  0]LogD3D11RHI:     VendorId    : 8086
[2022.03.16-12.51.29:880][  0]LogD3D11RHI:     DeviceId    : 5917
[2022.03.16-12.51.29:880][  0]LogD3D11RHI:     SubSysId    : 84b9103c
[2022.03.16-12.51.29:880][  0]LogD3D11RHI:     Revision    : 0007
[2022.03.16-12.51.29:880][  0]LogD3D11RHI:     DedicatedVideoMemory : 134217728 bytes
[2022.03.16-12.51.29:880][  0]LogD3D11RHI:     DedicatedSystemMemory : 0 bytes
[2022.03.16-12.51.29:880][  0]LogD3D11RHI:     SharedSystemMemory : 4232300544 bytes
[2022.03.16-12.51.29:880][  0]LogD3D11RHI:     AdapterLuid : 0 91359
[2022.03.16-12.51.29:891][  0]LogD3D11RHI: Creating new Direct3DDevice
[2022.03.16-12.51.29:891][  0]LogD3D11RHI:     GPU DeviceId: 0x5917 (for the marketing name, search the web for "GPU Device Id")
[2022.03.16-12.51.29:891][  0]LogWindows: EnumDisplayDevices:
[2022.03.16-12.51.29:891][  0]LogWindows:    0. 'Intel(R) UHD Graphics 620' (P:1 D:1)
[2022.03.16-12.51.29:891][  0]LogWindows:    1. 'Intel(R) UHD Graphics 620' (P:0 D:0)
[2022.03.16-12.51.29:892][  0]LogWindows:    2. 'Intel(R) UHD Graphics 620' (P:0 D:0)
[2022.03.16-12.51.29:892][  0]LogWindows: DebugString: FoundDriverCount:3 
[2022.03.16-12.51.29:892][  0]LogD3D11RHI:     Adapter Name: Intel(R) UHD Graphics 620
[2022.03.16-12.51.29:892][  0]LogD3D11RHI:   Driver Version: 26.20.100.7925 (internal:26.20.100.7925, unified:26.20.100.7925)
[2022.03.16-12.51.29:892][  0]LogD3D11RHI:      Driver Date: 2-19-2020
[2022.03.16-12.51.29:893][  0]LogRHI: Texture pool is 1502 MB (70% of 2146 MB)
[2022.03.16-12.51.30:037][  0]LogD3D11RHI: Creating D3DDevice using adapter:
[2022.03.16-12.51.30:038][  0]LogD3D11RHI:     Description : Intel(R) UHD Graphics 620
[2022.03.16-12.51.30:038][  0]LogD3D11RHI:     VendorId    : 8086
[2022.03.16-12.51.30:038][  0]LogD3D11RHI:     DeviceId    : 5917
[2022.03.16-12.51.30:038][  0]LogD3D11RHI:     SubSysId    : 84b9103c
[2022.03.16-12.51.30:038][  0]LogD3D11RHI:     Revision    : 0007
[2022.03.16-12.51.30:038][  0]LogD3D11RHI:     DedicatedVideoMemory : 134217728 bytes
[2022.03.16-12.51.30:038][  0]LogD3D11RHI:     DedicatedSystemMemory : 0 bytes
[2022.03.16-12.51.30:038][  0]LogD3D11RHI:     SharedSystemMemory : 4232300544 bytes
[2022.03.16-12.51.30:038][  0]LogD3D11RHI:     AdapterLuid : 0 91359
[2022.03.16-12.51.30:095][  0]LogD3D11RHI: RHI does not have support for 64 bit atomics
[2022.03.16-12.51.30:166][  0]LogD3D11RHI: Intel Extensions support version Full=16777216, Major=1, Minor=0, Revision=0
[2022.03.16-12.51.30:166][  0]LogD3D11RHI: Intel Extensions support version Full=16777217, Major=1, Minor=0, Revision=1
[2022.03.16-12.51.30:167][  0]LogD3D11RHI: Intel Extensions Framework enabled
[2022.03.16-12.51.30:171][  0]LogD3D11RHI: [IntelMetricsDiscovery] Started
[2022.03.16-12.51.30:171][  0]LogD3D11RHI: Async texture creation enabled
[2022.03.16-12.51.30:171][  0]LogD3D11RHI: Array index from any shader is supported
[2022.03.16-12.51.30:200][  0]LogD3D11RHI: GPU Timing Frequency: 12.000048 (Debug: 2 0)
[2022.03.16-12.51.30:916][  0]LogTargetPlatformManager: Display: Loaded TargetPlatform 'AllDesktop'
[2022.03.16-12.51.30:948][  0]LogTargetPlatformManager: Display: Loaded TargetPlatform 'Android'
[2022.03.16-12.51.30:948][  0]LogTargetPlatformManager: Display: Loaded TargetPlatform 'Android_ASTC'
[2022.03.16-12.51.30:948][  0]LogTargetPlatformManager: Display: Loaded TargetPlatform 'Android_DXT'
[2022.03.16-12.51.30:948][  0]LogTargetPlatformManager: Display: Loaded TargetPlatform 'Android_ETC2'
[2022.03.16-12.51.30:948][  0]LogTargetPlatformManager: Display: Loaded TargetPlatform 'AndroidClient'
[2022.03.16-12.51.30:948][  0]LogTargetPlatformManager: Display: Loaded TargetPlatform 'Android_ASTCClient'
[2022.03.16-12.51.30:948][  0]LogTargetPlatformManager: Display: Loaded TargetPlatform 'Android_DXTClient'
[2022.03.16-12.51.30:948][  0]LogTargetPlatformManager: Display: Loaded TargetPlatform 'Android_ETC2Client'
[2022.03.16-12.51.30:948][  0]LogTargetPlatformManager: Display: Loaded TargetPlatform 'Android_Multi'
[2022.03.16-12.51.30:948][  0]LogTargetPlatformManager: Display: Loaded TargetPlatform 'Android_MultiClient'
[2022.03.16-12.51.30:983][  0]LogTargetPlatformManager: Display: Loaded TargetPlatform 'IOSClient'
[2022.03.16-12.51.30:983][  0]LogTargetPlatformManager: Display: Loaded TargetPlatform 'IOS'
[2022.03.16-12.51.30:999][  0]LogTargetPlatformManager: Display: Loaded TargetPlatform 'Linux'
[2022.03.16-12.51.31:018][  0]LogTargetPlatformManager: Display: Loaded TargetPlatform 'LinuxNoEditor'
[2022.03.16-12.51.31:028][  0]LogTargetPlatformManager: Display: Loaded TargetPlatform 'LinuxClient'
[2022.03.16-12.51.31:035][  0]LogTargetPlatformManager: Display: Loaded TargetPlatform 'LinuxServer'
[2022.03.16-12.51.31:049][  0]LogTargetPlatformManager: Display: Loaded TargetPlatform 'LinuxAArch64NoEditor'
[2022.03.16-12.51.31:056][  0]LogTargetPlatformManager: Display: Loaded TargetPlatform 'LinuxAArch64Client'
[2022.03.16-12.51.31:063][  0]LogTargetPlatformManager: Display: Loaded TargetPlatform 'LinuxAArch64Server'
[2022.03.16-12.51.31:101][  0]LogTargetPlatformManager: Display: Loaded TargetPlatform 'Lumin'
[2022.03.16-12.51.31:101][  0]LogTargetPlatformManager: Display: Loaded TargetPlatform 'LuminClient'
[2022.03.16-12.51.31:114][  0]LogTargetPlatformManager: Display: Loaded TargetPlatform 'MacNoEditor'
[2022.03.16-12.51.31:121][  0]LogTargetPlatformManager: Display: Loaded TargetPlatform 'Mac'
[2022.03.16-12.51.31:129][  0]LogTargetPlatformManager: Display: Loaded TargetPlatform 'MacClient'
[2022.03.16-12.51.31:135][  0]LogTargetPlatformManager: Display: Loaded TargetPlatform 'MacServer'
[2022.03.16-12.51.31:149][  0]LogTargetPlatformManager: Display: Loaded TargetPlatform 'TVOSClient'
[2022.03.16-12.51.31:149][  0]LogTargetPlatformManager: Display: Loaded TargetPlatform 'TVOS'
[2022.03.16-12.51.31:165][  0]LogTargetPlatformManager: Display: Loaded TargetPlatform 'WindowsNoEditor'
[2022.03.16-12.51.31:172][  0]LogTargetPlatformManager: Display: Loaded TargetPlatform 'Windows'
[2022.03.16-12.51.31:180][  0]LogTargetPlatformManager: Display: Loaded TargetPlatform 'WindowsClient'
[2022.03.16-12.51.31:187][  0]LogTargetPlatformManager: Display: Loaded TargetPlatform 'WindowsServer'
[2022.03.16-12.51.31:187][  0]LogTargetPlatformManager: Display: Building Assets For Windows
[2022.03.16-12.51.31:222][  0]LogAudioDebug: Display: Lib vorbis DLL was dynamically loaded.
[2022.03.16-12.51.31:346][  0]LogTextureFormatOodle: Display: Oodle Texture 2.9.0 init RDO Off
[2022.03.16-12.51.31:485][  0]LogRendererCore: Ray tracing is disabled. Reason: r.RayTracing=0.
[2022.03.16-12.51.31:487][  0]LogShaderCompilers: Guid format shader working directory is -27 characters bigger than the processId version (../../../../../../Users/mario/Documents/Unreal Projects/ChessUnreal/Chess/Intermediate/Shaders/WorkingDirectory/2452/).
[2022.03.16-12.51.31:487][  0]LogShaderCompilers: Cleaned the shader compiler working directory 'C:/Users/mario/AppData/Local/Temp/UnrealShaderWorkingDir/900C3225437901376D98BAA720147EC0/'.
[2022.03.16-12.51.31:488][  0]LogXGEController: Cannot use XGE Controller as Incredibuild is not installed on this machine.
[2022.03.16-12.51.31:488][  0]LogShaderCompilers: Cannot use XGE Shader Compiler as Incredibuild is not installed on this machine.
[2022.03.16-12.51.31:488][  0]LogShaderCompilers: Display: Using Local Shader Compiler.
[2022.03.16-12.51.32:983][  0]LogDerivedDataCache: Display: Max Cache Size: 512 MB
[2022.03.16-12.51.33:388][  0]LogDerivedDataCache: Loaded boot cache 0.40s 94MB C:/Users/mario/AppData/Local/UnrealEngine/4.27/DerivedDataCache/Boot.ddc.
[2022.03.16-12.51.33:388][  0]LogDerivedDataCache: Display: Loaded Boot cache: C:/Users/mario/AppData/Local/UnrealEngine/4.27/DerivedDataCache/Boot.ddc
[2022.03.16-12.51.33:388][  0]LogDerivedDataCache: FDerivedDataBackendGraph:  Pak pak cache file ../../../../../../Users/mario/Documents/Unreal Projects/ChessUnreal/Chess/DerivedDataCache/DDC.ddp not found, will not use a pak cache.
[2022.03.16-12.51.33:388][  0]LogDerivedDataCache: Unable to find inner node Pak for hierarchical cache Hierarchy.
[2022.03.16-12.51.33:389][  0]LogDerivedDataCache: FDerivedDataBackendGraph:  CompressedPak pak cache file ../../../../../../Users/mario/Documents/Unreal Projects/ChessUnreal/Chess/DerivedDataCache/Compressed.ddp not found, will not use a pak cache.
[2022.03.16-12.51.33:389][  0]LogDerivedDataCache: Unable to find inner node CompressedPak for hierarchical cache Hierarchy.
[2022.03.16-12.51.33:411][  0]LogDerivedDataCache: Display: Pak cache opened for reading ../../../Engine/DerivedDataCache/Compressed.ddp.
[2022.03.16-12.51.33:411][  0]LogDerivedDataCache: FDerivedDataBackendGraph:  EnterprisePak pak cache file ../../../Enterprise/DerivedDataCache/Compressed.ddp not found, will not use a pak cache.
[2022.03.16-12.51.33:411][  0]LogDerivedDataCache: Unable to find inner node EnterprisePak for hierarchical cache Hierarchy.
[2022.03.16-12.51.33:440][  0]LogDerivedDataCache: Speed tests for C:/Users/mario/AppData/Local/UnrealEngine/Common/DerivedDataCache took 0.03 seconds
[2022.03.16-12.51.33:440][  0]LogDerivedDataCache: Display: Performance to C:/Users/mario/AppData/Local/UnrealEngine/Common/DerivedDataCache: Latency=0.45ms. RandomReadSpeed=94.68MBs, RandomWriteSpeed=72.73MBs. Assigned SpeedClass 'Local'
[2022.03.16-12.51.33:440][  0]LogDerivedDataCache: Using Local data cache path C:/Users/mario/AppData/Local/UnrealEngine/Common/DerivedDataCache: Writable
[2022.03.16-12.51.33:441][  0]LogDerivedDataCache: Shared data cache path not found in *engine.ini, will not use an Shared cache.
[2022.03.16-12.51.33:441][  0]LogDerivedDataCache: Unable to find inner node Shared for hierarchical cache Hierarchy.
[2022.03.16-12.51.33:523][  0]LogSlate: Using FreeType 2.10.0
[2022.03.16-12.51.33:527][  0]LogSlate: SlateFontServices - WITH_FREETYPE: 1, WITH_HARFBUZZ: 1
[2022.03.16-12.51.33:630][  0]LogAssetRegistry: FAssetRegistry took 0.0089 seconds to start up
[2022.03.16-12.51.34:319][  0]LogInit: Selected Device Profile: [Windows]
[2022.03.16-12.51.34:319][  0]LogInit: Active device profile: [000001D3CB2E2D00][000001D3C2D928C0 49] Windows
[2022.03.16-12.51.34:319][  0]LogInit: Profiles: [000001D3CB2E2D00][000001D3C2D928C0 49] Windows, [000001D3CB281B00][000001D3ADA0AA00 49] WindowsNoEditor, [000001D3CB2E2000][000001D3ADA0EB40 49] WindowsServer, [000001D3CB282700][000001D3ADA16CC0 49] WindowsClient, [000001D3CB2E1A00][000001D3ADA1AE40 49] IOS, [000001D3CB281500][000001D3ADA1EFC0 49] iPadAir, [000001D3CB2E3000][000001D3ADA23140 49] iPadAir2, [000001D3CB231200][000001D3ADA2B400 49] IPadPro, [000001D3CB231300][000001D3ADA27440 49] iPadAir3, [000001D3CB283400][000001D3ADA2F5C0 49] iPadAir4, [000001D3CB232000][000001D3ADA33740 49] iPadMini2, [000001D3CB281900][000001D3ADA378C0 49] iPadMini3, [000001D3CB232B00][000001D3CAEA5A40 49] iPadMini4, [000001D3CB283300][000001D3CAEA9BC0 49] iPadMini5, [000001D3CB250B00][000001D3CAEB0300 49] iPhone6, [000001D3CB250C00][000001D3CAEAC340 49] iPodTouch6, [000001D3CB2E0500][000001D3CAEB8600 49] iPhone7, [000001D3CB2E3800][000001D3CAEB4640 49] iPodTouch7, [000001D3CB233C00][000001D3CAEBC7C0 49] iPhone5S, [000001D3CB231E00][000001D3CAEC0940 49] iPhone6Plus, [000001D3CB253D00][000001D3ADA12A80 49] iPhone6S, [000001D3CB230E00][000001D3CAEC4BC0 49] iPhone6SPlus, [000001D3CB253600][000001D3CAEC8D00 49] iPhone7Plus, [000001D3CB232C00][000001D3CAED0E80 49] iPhoneSE, [000001D3CB252100][000001D3CAED5000 49] iPhone8, [000001D3CB231B00][000001D3CAED9180 49] iPhone8Plus, [000001D3CB252700][000001D3CAEDD300 49] iPhoneX, [000001D3CB231F00][000001D3CAEE1480 49] iPhoneXS, [000001D3CB250D00][000001D3CAEE5600 49] iPhoneXSMax, [000001D3CB2E2A00][000001D3CAEE9780 49] iPhoneXR, [000001D3CB252A00][000001D3CAEED900 49] iPhone11, [000001D3CB2E1100][000001D3CAEF1A80 49] iPhone11Pro, [000001D3CB253400][000001D3CAEF5C00 49] iPhone11ProMax, [000001D3CB2E3200][000001D3CAEF8200 49] iPhoneSE2, [000001D3CB251500][000001D3CAEFC380 49] iPhone12Mini, [000001D3CB2E0F00][000001D3CAF00500 49] iPhone12, [000001D3CB253700][000001D3CAF04680 49] iPhone12Pro, [000001D3CB2E3400][000001D3CAF08800 49] iPhone12ProMax, [000001D3CB250600][000001D3CAF0C980 49] iPadPro105, [000001D3CB2E1500][000001D3CAF10B00 49] iPadPro129, [000001D3CB250200][000001D3CAECCC40 49] iPadPro97, [000001D3CB2E0100][000001D3CAF14D80 49] iPadPro2_129, [000001D3CB251700][000001D3CAF18EC0 49] iPad5, [000001D3CB2E3600][000001D3CAF21040 49] iPad6, [000001D3CB251800][000001D3CAF251C0 49] iPad7, [000001D3CB2E1400][000001D3CAF29340 49] iPad8, [000001D3CB251900][000001D3CAF2D4C0 49] iPadPro11, [000001D3CB2E2300][000001D3CAF31640 49] iPadPro2_11, [000001D3CB252800][000001D3CAF357C0 49] iPadPro3_129, [000001D3CB2E2400][000001D3CAF39940 49] iPadPro4_129, [000001D3CB250A00][000001D3CAF3DAC0 49] AppleTV, [000001D3CB2E3A00][000001D3CAF400C0 49] AppleTV4K, [000001D3CB250500][000001D3CAF44240 49] TVOS, [000001D3CB2E2800][000001D3CAF483C0 49] Mac, [000001D3CB252400][000001D3CAF4C540 49] MacClient, [000001D3CB2E2100][000001D3CAF506C0 49] MacNoEditor, [000001D3CB250800][000001D3CAF54840 49] MacServer, [000001D3CB2E1E00][000001D3CAF589C0 49] Linux, [000001D3CB252F00][000001D3CAF5CB40 49] LinuxAArch64, [000001D3CB2E2900][000001D3CAF60CC0 49] LinuxNoEditor, [000001D3CB253300][000001D3CAF1CE00 49] LinuxAArch64NoEditor, [000001D3CB2E1700][000001D3CAF64F40 49] LinuxClient, [000001D3CB251100][000001D3CAF69080 49] LinuxAArch64Client, [000001D3CB2E1600][000001D3CAF6D1C0 49] LinuxServer, [000001D3CB250400][000001D3CAF75340 49] LinuxAArch64Server, [000001D3CB2E0B00][000001D3CAF794C0 49] Android, [000001D3CB251F00][000001D3CAF7D640 49] Android_Low, [000001D3CB2E0600][000001D3CAF817C0 49] Android_Mid, [000001D3CB251600][000001D3CAF85940 49] Android_High, [000001D3CB2E1200][000001D3CAF89AC0 49] Android_Default, [000001D3CB252000][000001D3CAF8C0C0 49] Android_Adreno4xx, [000001D3CB2E0900][000001D3CAF90240 49] Android_Adreno5xx_Low, [000001D3CB252900][000001D3CAF943C0 49] Android_Adreno5xx, [000001D3CB231000][000001D3CAF98540 49] Android_Adreno6xx, [000001D3CB281700][000001D3CAF9C6C0 49] Android_Adreno6xx_Vulkan, [000001D3CB231A00][000001D3CAFA0840 49] Android_Mali_T6xx, [000001D3CB281E00][000001D3CAFA49C0 49] Android_Mali_T7xx, [000001D3CB233500][000001D3CAFA8B40 49] Android_Mali_T8xx, [000001D3CB283E00][000001D3CAFACCC0 49] Android_Mali_G71, [000001D3CB230B00][000001D3CAFB0E40 49] Android_Mali_G72, [000001D3CB282C00][000001D3CAF70F80 49] Android_Mali_G72_Vulkan, [000001D3CB232500][000001D3CAFB50C0 49] Android_Mali_G76, [000001D3CB282100][000001D3CAFB9200 49] Android_Mali_G76_Vulkan, [000001D3CB230900][000001D3CAFBD340 49] Android_Mali_G77, [000001D3CB281400][000001D3CAFC54C0 49] Android_Mali_G77_Vulkan, [000001D3CB233800][000001D3CAFC9640 49] Android_Mali_G78, [000001D3CB282D00][000001D3CAFCD7C0 49] Android_Mali_G78_Vulkan, [000001D3CB230F00][000001D3CAFD1940 49] Android_Mali_G710, [000001D3CB280100][000001D3CAFD5AC0 49] Android_Mali_G710_Vulkan, [000001D3CB231500][000001D3CAFD80C0 49] Android_Vulkan_SM5, [000001D3CB280700][000001D3CAFDC240 49] Android_PowerVR_G6xxx, [000001D3CB230C00][000001D3CAFE03C0 49] Android_PowerVR_GT7xxx, [000001D3CB283800][000001D3CAFE4540 49] Android_PowerVR_GE8xxx, [000001D3CB233300][000001D3CAFE86C0 49] Android_PowerVR_GM9xxx, [000001D3CB282500][000001D3CAFEC840 49] Android_PowerVR_GM9xxx_Vulkan, [000001D3CB232200][000001D3CAFF09C0 49] Android_TegraK1, [000001D3CB283B00][000001D3CAFF4B40 49] Android_Unknown_Vulkan, [000001D3CB231100][000001D3CAFF8CC0 49] Lumin, [000001D3CB282200][000001D3CAFFCE40 49] Lumin_Desktop, [000001D3CB230700][000001D3CB000FC0 49] HoloLens, 
[2022.03.16-12.51.34:636][  0]LogMeshReduction: Using QuadricMeshReduction for automatic static mesh reduction
[2022.03.16-12.51.34:636][  0]LogMeshReduction: Using SimplygonMeshReduction for automatic skeletal mesh reduction
[2022.03.16-12.51.34:636][  0]LogMeshReduction: Using ProxyLODMeshReduction for automatic mesh merging
[2022.03.16-12.51.34:636][  0]LogMeshReduction: No distributed automatic mesh merging module available
[2022.03.16-12.51.34:637][  0]LogMeshMerging: No distributed automatic mesh merging module available
[2022.03.16-12.51.34:692][  0]LogNetVersion: Chess 1.0.0, NetCL: 17155196, EngineNetVer: 17, GameNetVer: 0 (Checksum: 1801993352)
[2022.03.16-12.51.37:971][  0]LogTexture: Default maximum texture size for cubemaps generated from long-lat sources has been changed from 512 to unlimited. In order to preserve old behaiour for '/Engine/MapTemplates/Sky/DaylightAmbientCubemap.DaylightAmbientCubemap', its maximum texture size has been explicitly set to 512.
[2022.03.16-12.51.38:344][  0]LogHMD: PokeAHoleMaterial loaded successfully
[2022.03.16-12.51.38:363][  0]LogUObjectArray: 17178 objects as part of root set at end of initial load.
[2022.03.16-12.51.38:363][  0]LogUObjectAllocator: 4302048 out of 0 bytes used by permanent object pool.
[2022.03.16-12.51.38:363][  0]LogUObjectArray: CloseDisregardForGC: 0/0 objects in disregard for GC pool
[2022.03.16-12.51.38:926][  0]LogNiagaraDebuggerClient: Niagara Debugger Client Initialized | Session: 5D6034CE413EDAE0EB6400AD44FA1E64 | Instance: 93A8AD9F4DB876429B939082AE34FDEB (LAPTOP-2IA5QR4I-2452).
[2022.03.16-12.51.39:755][  0]LogTcpMessaging: Initializing TcpMessaging bridge
[2022.03.16-12.51.39:766][  0]LogUdpMessaging: Initializing bridge on interface 0.0.0.0:0 to multicast group 230.0.0.1:6666.
[2022.03.16-12.51.39:815][  0]LogPython: Using Python 3.7.7
[2022.03.16-12.51.41:111][  0]SourceControl: Source control is disabled
[2022.03.16-12.51.41:112][  0]SourceControl: Source control is disabled
[2022.03.16-12.51.41:141][  0]SourceControl: Source control is disabled
[2022.03.16-12.51.41:150][  0]SourceControl: Source control is disabled
[2022.03.16-12.51.41:177][  0]SourceControl: Source control is disabled
[2022.03.16-12.51.41:187][  0]LogUProjectInfo: Found projects:
[2022.03.16-12.51.41:727][  0]LogOpenImageDenoise: OIDN starting up
[2022.03.16-12.51.41:782][  0]LogAndroidPermission: UAndroidPermissionCallbackProxy::GetInstance
[2022.03.16-12.51.41:820][  0]LogAudioCaptureCore: Display: No Audio Capture implementations found. Audio input will be silent.
[2022.03.16-12.51.41:820][  0]LogAudioCaptureCore: Display: No Audio Capture implementations found. Audio input will be silent.
[2022.03.16-12.51.42:046][  0]LogCollectionManager: Loaded 0 collections in 0.002533 seconds
[2022.03.16-12.51.42:104][  0]LogFileCache: Scanning file cache for directory 'C:/Users/mario/Documents/Unreal Projects/ChessUnreal/Chess/Saved/Collections/' took 0.00s
[2022.03.16-12.51.42:104][  0]LogFileCache: Scanning file cache for directory 'C:/Users/mario/Documents/Unreal Projects/ChessUnreal/Chess/Content/Developers/Marion/Collections/' took 0.00s
[2022.03.16-12.51.42:104][  0]LogFileCache: Scanning file cache for directory 'C:/Users/mario/Documents/Unreal Projects/ChessUnreal/Chess/Content/Collections/' took 0.00s
[2022.03.16-12.51.42:104][  0]LogOcInput: OculusInput pre-init called
[2022.03.16-12.51.42:725][  0]LogEngine: Initializing Engine...
[2022.03.16-12.51.42:740][  0]LogHMD: Failed to enumerate extensions. Please check that you have a valid OpenXR runtime installed.
[2022.03.16-12.51.42:740][  0]LogHMD: Failed to initialize OpenVR with code 110
[2022.03.16-12.51.42:741][  0]LogMagicLeap: Warning: VR disabled because ZI is not enabled.  To enable, in the editor, Edit -> Project Settings -> Plugins -> Magic Leap Plugin -> Enable Zero Iteration
[2022.03.16-12.51.42:749][  0]LogStats: UGameplayTagsManager::InitializeManager -  0.003 s
[2022.03.16-12.51.42:973][  0]LogInit: Initializing FReadOnlyCVARCache
[2022.03.16-12.51.43:060][  0]LogAIModule: Creating AISystem for world Untitled
[2022.03.16-12.51.43:074][  0]LogAudio: Display: Initializing Audio Device Manager...
[2022.03.16-12.51.43:081][  0]LogAudio: Display: Loading Default Audio Settings Objects...
[2022.03.16-12.51.43:083][  0]LogAudio: Display: No default SoundConcurrencyObject specified (or failed to load).
[2022.03.16-12.51.43:085][  0]LogAudio: Display: Audio Device Manager Initialized
[2022.03.16-12.51.43:085][  0]LogAudio: Display: Creating Audio Device:                 Id: 1, Scope: Shared, Realtime: True
[2022.03.16-12.51.43:087][  0]LogAudioMixer: Display: Audio Mixer Platform Settings:
[2022.03.16-12.51.43:087][  0]LogAudioMixer: Display: 	Sample Rate:						  48000
[2022.03.16-12.51.43:087][  0]LogAudioMixer: Display: 	Callback Buffer Frame Size Requested: 1024
[2022.03.16-12.51.43:087][  0]LogAudioMixer: Display: 	Callback Buffer Frame Size To Use:	  1024
[2022.03.16-12.51.43:087][  0]LogAudioMixer: Display: 	Number of buffers to queue:			  2
[2022.03.16-12.51.43:087][  0]LogAudioMixer: Display: 	Max Channels (voices):				  32
[2022.03.16-12.51.43:087][  0]LogAudioMixer: Display: 	Number of Async Source Workers:		  0
[2022.03.16-12.51.43:087][  0]LogAudio: Display: AudioDevice MaxSources: 32
[2022.03.16-12.51.43:090][  0]LogAudio: Display: Audio Spatialization Plugin: None (built-in).
[2022.03.16-12.51.43:090][  0]LogAudio: Display: Audio Reverb Plugin: None (built-in).
[2022.03.16-12.51.43:090][  0]LogAudio: Display: Audio Occlusion Plugin: None (built-in).
[2022.03.16-12.51.43:090][  0]LogAudioMixer: Display: Initializing audio mixer.
[2022.03.16-12.51.43:125][  0]LogAudioMixer: Display: 0: FrontLeft
[2022.03.16-12.51.43:125][  0]LogAudioMixer: Display: 1: FrontRight
[2022.03.16-12.51.43:160][  0]LogAudioMixer: Display: Using Audio Device Haut-parleur/Ecouteurs (Realtek(R) Audio)
[2022.03.16-12.51.43:168][  0]LogAudioMixer: Display: Initializing Sound Submixes...
[2022.03.16-12.51.43:172][  0]LogAudioMixer: Display: Creating Master Submix 'MasterSubmixDefault'
[2022.03.16-12.51.43:172][  0]LogAudioMixer: Display: Creating Master Submix 'MasterReverbSubmixDefault'
[2022.03.16-12.51.43:174][  0]LogAudioMixer: Display: Creating Master Submix 'MasterEQSubmixDefault'
[2022.03.16-12.51.43:174][  0]LogAudioMixer: FMixerPlatformXAudio2::StartAudioStream() called
[2022.03.16-12.51.43:174][  0]LogAudioMixer: Display: Output buffers initialized: Frames=1024, Channels=2, Samples=2048
[2022.03.16-12.51.43:176][  0]LogAudioMixer: Display: Starting AudioMixerPlatformInterface::RunInternal()
[2022.03.16-12.51.43:176][  0]LogAudioMixer: Display: FMixerPlatformXAudio2::SubmitBuffer() called for the first time
[2022.03.16-12.51.43:176][  0]LogInit: FAudioDevice initialized.
[2022.03.16-12.51.43:179][  0]LogAudio: Display: Audio Device (ID: 1) registered with world 'Untitled'.
[2022.03.16-12.51.43:180][  0]LogNetVersion: Set ProjectVersion to 1.0.0.0. Version Checksum will be recalculated on next use.
[2022.03.16-12.51.43:666][  0]LogDerivedDataCache: Saved boot cache 0.49s 94MB C:/Users/mario/AppData/Local/UnrealEngine/4.27/DerivedDataCache/Boot.ddc.
[2022.03.16-12.51.43:671][  0]LogInit: Texture streaming: Enabled
[2022.03.16-12.51.44:148][  0]LogAnalytics: Display: [UEEditor.Rocket.Release] APIServer = https://datarouter.ol.epicgames.com/. AppVersion = 4.27.2-18319896+++UE4+Release-4.27
[2022.03.16-12.51.44:162][  0]LogEngineSessionManager: EngineSessionManager initialized
[2022.03.16-12.51.44:162][  0]LogEngineSessionManager: EngineSessionManager sent abnormal shutdown report. Type=Debugger, SessionId={56971359-49BF-662E-5FE0-958A1064503B}
[2022.03.16-12.51.44:179][  0]LogEditorSessionSummary: Verbose: Initializing EditorSessionSummaryWriter for editor session tracking
[2022.03.16-12.51.44:230][  0]LogEditorSessionSummary: EditorSessionSummaryWriter initialized
[2022.03.16-12.51.44:556][  0]LogInit: Transaction tracking system initialized
[2022.03.16-12.51.44:648][  0]BlueprintLog: New page: Editor Load
[2022.03.16-12.51.44:865][  0]LocalizationService: Localization service is disabled
[2022.03.16-12.51.44:950][  0]TimingProfiler: Initialize
[2022.03.16-12.51.44:952][  0]TimingProfiler: OnSessionChanged
[2022.03.16-12.51.44:952][  0]LoadingProfiler: Initialize
[2022.03.16-12.51.44:953][  0]LoadingProfiler: OnSessionChanged
[2022.03.16-12.51.44:953][  0]NetworkingProfiler: Initialize
[2022.03.16-12.51.44:954][  0]NetworkingProfiler: OnSessionChanged
[2022.03.16-12.51.44:954][  0]MemoryProfiler: Initialize
[2022.03.16-12.51.44:954][  0]MemoryProfiler: OnSessionChanged
[2022.03.16-12.51.45:342][  0]LogCook: Display: CookSettings for Memory: MemoryMaxUsedVirtual 0MiB, MemoryMaxUsedPhysical 16384MiB, MemoryMinFreeVirtual 0MiB, MemoryMinFreePhysical 1024MiB
[2022.03.16-12.51.45:342][  0]LogCook: Display: Mobile HDR setting 1
[2022.03.16-12.51.45:716][  0]LogFileCache: Scanning file cache for directory 'C:/Users/mario/Documents/Unreal Projects/ChessUnreal/Chess/Content/' took 0.01s
[2022.03.16-12.51.47:316][  0]LogInit: Display: Engine is initialized. Leaving FEngineLoop::Init()
[2022.03.16-12.51.47:356][  0]SourceControl: Source control is disabled
[2022.03.16-12.51.47:359][  0]LogUnrealEdMisc: Loading editor; pre map load, took 27.310
[2022.03.16-12.51.47:373][  0]Cmd: MAP LOAD FILE="../../../../../../Users/mario/Documents/Unreal Projects/ChessUnreal/Chess/Content/StarterContent/Maps/Minimal_Default.umap" TEMPLATE=0 SHOWPROGRESS=1 FEATURELEVEL=3
[2022.03.16-12.51.47:375][  0]LightingResults: New page: Lighting Build
[2022.03.16-12.51.47:390][  0]LogWorld: UWorld::CleanupWorld for Untitled, bSessionEnded=true, bCleanupResources=true
[2022.03.16-12.51.47:392][  0]LogSlate: InvalidateAllWidgets triggered.  All widgets were invalidated
[2022.03.16-12.51.47:398][  0]MapCheck: New page: Map Check
[2022.03.16-12.51.47:398][  0]LightingResults: New page: Lighting Build
[2022.03.16-12.51.47:425][  0]LogAudio: Display: Audio Device unregistered from world 'None'.
[2022.03.16-12.51.47:450][  0]LogUObjectHash: Compacting FUObjectHashTables data took   5.01ms
[2022.03.16-12.51.47:637][  0]LogAudio: Display: Audio Device (ID: 1) registered with world 'Minimal_Default'.
[2022.03.16-12.51.47:638][  0]LogAIModule: Creating AISystem for world Minimal_Default
[2022.03.16-12.51.47:726][  0]LogEditorServer: Finished looking for orphan Actors (0.000 secs)
[2022.03.16-12.51.47:814][  0]LogUObjectHash: Compacting FUObjectHashTables data took   0.92ms
[2022.03.16-12.51.47:816][  0]Cmd: MAP CHECKDEP NOCLEARLOG
[2022.03.16-12.51.47:817][  0]MapCheck: Map check complete: 0 Error(s), 0 Warning(s), took 0,714ms to complete.
[2022.03.16-12.51.47:817][  0]LogFileHelpers: Loading map 'Minimal_Default' took 0.457
[2022.03.16-12.51.47:894][  0]LogUnrealEdMisc: Total Editor Startup Time, took 27.846
[2022.03.16-12.51.48:189][  0]LogSlate: Updating window title bar state: overlay mode, drag disabled, window buttons hidden, title bar hidden
[2022.03.16-12.51.48:201][  0]LogSlate: Updating window title bar state: overlay mode, drag disabled, window buttons hidden, title bar hidden
[2022.03.16-12.51.48:216][  0]LogSlate: Updating window title bar state: overlay mode, drag disabled, window buttons hidden, title bar hidden
[2022.03.16-12.51.48:227][  0]LogSlate: Updating window title bar state: overlay mode, drag disabled, window buttons hidden, title bar hidden
[2022.03.16-12.51.48:301][  0]LogNativeClassHierarchy: Verbose: Native class hierarchy populated in 0.0164 seconds. Added 3824 classes and 930 folders.
[2022.03.16-12.51.48:321][  0]LogNativeClassHierarchy: Verbose: Native class hierarchy updated for 'WidgetCarousel' in 0.0005 seconds. Added 0 classes and 0 folders.
[2022.03.16-12.51.48:332][  0]LogPakFile: PakFile PrimaryIndexSize=187
[2022.03.16-12.51.48:332][  0]LogPakFile: PakFile PathHashIndexSize=101
[2022.03.16-12.51.48:332][  0]LogPakFile: PakFile FullDirectoryIndexSize=148
[2022.03.16-12.51.48:333][  0]LogShaderLibrary: Display: ShaderCodeLibraryPakFileMountedCallback: PakFile 'C:/Program Files/Epic Games/UE_4.27/FeaturePacks/FP_FirstPerson.upack' (chunk index -1, root 'root:/') mounted
[2022.03.16-12.51.48:333][  0]LogShaderLibrary: Display: ShaderCodeLibraryPakFileMountedCallback: pending pak file info (ChunkID:-1 Root:root:/ File:C:/Program Files/Epic Games/UE_4.27/FeaturePacks/FP_FirstPerson.upack)
[2022.03.16-12.51.48:334][  0]LogPakFile: OnPakFileMounted2Time == 0.001390
[2022.03.16-12.51.48:339][  0]LogPakFile: PakFile PrimaryIndexSize=189
[2022.03.16-12.51.48:339][  0]LogPakFile: PakFile PathHashIndexSize=101
[2022.03.16-12.51.48:339][  0]LogPakFile: PakFile FullDirectoryIndexSize=152
[2022.03.16-12.51.48:339][  0]LogShaderLibrary: Display: ShaderCodeLibraryPakFileMountedCallback: PakFile 'C:/Program Files/Epic Games/UE_4.27/FeaturePacks/FP_FirstPersonBP.upack' (chunk index -1, root 'root:/') mounted
[2022.03.16-12.51.48:339][  0]LogShaderLibrary: Display: ShaderCodeLibraryPakFileMountedCallback: pending pak file info (ChunkID:-1 Root:root:/ File:C:/Program Files/Epic Games/UE_4.27/FeaturePacks/FP_FirstPersonBP.upack)
[2022.03.16-12.51.48:339][  0]LogPakFile: OnPakFileMounted2Time == 0.000420
[2022.03.16-12.51.48:341][  0]LogPakFile: PakFile PrimaryIndexSize=191
[2022.03.16-12.51.48:342][  0]LogPakFile: PakFile PathHashIndexSize=101
[2022.03.16-12.51.48:342][  0]LogPakFile: PakFile FullDirectoryIndexSize=160
[2022.03.16-12.51.48:342][  0]LogShaderLibrary: Display: ShaderCodeLibraryPakFileMountedCallback: PakFile 'C:/Program Files/Epic Games/UE_4.27/FeaturePacks/MobileStarterContent.upack' (chunk index -1, root 'root:/') mounted
[2022.03.16-12.51.48:342][  0]LogShaderLibrary: Display: ShaderCodeLibraryPakFileMountedCallback: pending pak file info (ChunkID:-1 Root:root:/ File:C:/Program Files/Epic Games/UE_4.27/FeaturePacks/MobileStarterContent.upack)
[2022.03.16-12.51.48:342][  0]LogPakFile: OnPakFileMounted2Time == 0.000127
[2022.03.16-12.51.48:344][  0]LogPakFile: PakFile PrimaryIndexSize=185
[2022.03.16-12.51.48:344][  0]LogPakFile: PakFile PathHashIndexSize=101
[2022.03.16-12.51.48:344][  0]LogPakFile: PakFile FullDirectoryIndexSize=148
[2022.03.16-12.51.48:344][  0]LogShaderLibrary: Display: ShaderCodeLibraryPakFileMountedCallback: PakFile 'C:/Program Files/Epic Games/UE_4.27/FeaturePacks/StarterContent.upack' (chunk index -1, root 'root:/') mounted
[2022.03.16-12.51.48:344][  0]LogShaderLibrary: Display: ShaderCodeLibraryPakFileMountedCallback: pending pak file info (ChunkID:-1 Root:root:/ File:C:/Program Files/Epic Games/UE_4.27/FeaturePacks/StarterContent.upack)
[2022.03.16-12.51.48:344][  0]LogPakFile: OnPakFileMounted2Time == 0.000127
[2022.03.16-12.51.48:347][  0]LogPakFile: PakFile PrimaryIndexSize=190
[2022.03.16-12.51.48:347][  0]LogPakFile: PakFile PathHashIndexSize=101
[2022.03.16-12.51.48:347][  0]LogPakFile: PakFile FullDirectoryIndexSize=154
[2022.03.16-12.51.48:347][  0]LogShaderLibrary: Display: ShaderCodeLibraryPakFileMountedCallback: PakFile 'C:/Program Files/Epic Games/UE_4.27/FeaturePacks/TP_2DSideScroller.upack' (chunk index -1, root 'root:/') mounted
[2022.03.16-12.51.48:347][  0]LogShaderLibrary: Display: ShaderCodeLibraryPakFileMountedCallback: pending pak file info (ChunkID:-1 Root:root:/ File:C:/Program Files/Epic Games/UE_4.27/FeaturePacks/TP_2DSideScroller.upack)
[2022.03.16-12.51.48:347][  0]LogPakFile: OnPakFileMounted2Time == 0.000118
[2022.03.16-12.51.48:350][  0]LogPakFile: PakFile PrimaryIndexSize=192
[2022.03.16-12.51.48:350][  0]LogPakFile: PakFile PathHashIndexSize=101
[2022.03.16-12.51.48:350][  0]LogPakFile: PakFile FullDirectoryIndexSize=158
[2022.03.16-12.51.48:350][  0]LogShaderLibrary: Display: ShaderCodeLibraryPakFileMountedCallback: PakFile 'C:/Program Files/Epic Games/UE_4.27/FeaturePacks/TP_2DSideScrollerBP.upack' (chunk index -1, root 'root:/') mounted
[2022.03.16-12.51.48:350][  0]LogShaderLibrary: Display: ShaderCodeLibraryPakFileMountedCallback: pending pak file info (ChunkID:-1 Root:root:/ File:C:/Program Files/Epic Games/UE_4.27/FeaturePacks/TP_2DSideScrollerBP.upack)
[2022.03.16-12.51.48:350][  0]LogPakFile: OnPakFileMounted2Time == 0.000102
[2022.03.16-12.51.48:353][  0]LogPakFile: PakFile PrimaryIndexSize=182
[2022.03.16-12.51.48:353][  0]LogPakFile: PakFile PathHashIndexSize=101
[2022.03.16-12.51.48:353][  0]LogPakFile: PakFile FullDirectoryIndexSize=138
[2022.03.16-12.51.48:353][  0]LogShaderLibrary: Display: ShaderCodeLibraryPakFileMountedCallback: PakFile 'C:/Program Files/Epic Games/UE_4.27/FeaturePacks/TP_Flying.upack' (chunk index -1, root 'root:/') mounted
[2022.03.16-12.51.48:353][  0]LogShaderLibrary: Display: ShaderCodeLibraryPakFileMountedCallback: pending pak file info (ChunkID:-1 Root:root:/ File:C:/Program Files/Epic Games/UE_4.27/FeaturePacks/TP_Flying.upack)
[2022.03.16-12.51.48:353][  0]LogPakFile: OnPakFileMounted2Time == 0.000204
[2022.03.16-12.51.48:356][  0]LogPakFile: PakFile PrimaryIndexSize=184
[2022.03.16-12.51.48:356][  0]LogPakFile: PakFile PathHashIndexSize=101
[2022.03.16-12.51.48:356][  0]LogPakFile: PakFile FullDirectoryIndexSize=142
[2022.03.16-12.51.48:356][  0]LogShaderLibrary: Display: ShaderCodeLibraryPakFileMountedCallback: PakFile 'C:/Program Files/Epic Games/UE_4.27/FeaturePacks/TP_FlyingBP.upack' (chunk index -1, root 'root:/') mounted
[2022.03.16-12.51.48:356][  0]LogShaderLibrary: Display: ShaderCodeLibraryPakFileMountedCallback: pending pak file info (ChunkID:-1 Root:root:/ File:C:/Program Files/Epic Games/UE_4.27/FeaturePacks/TP_FlyingBP.upack)
[2022.03.16-12.51.48:356][  0]LogPakFile: OnPakFileMounted2Time == 0.000207
[2022.03.16-12.51.48:358][  0]LogPakFile: PakFile PrimaryIndexSize=188
[2022.03.16-12.51.48:358][  0]LogPakFile: PakFile PathHashIndexSize=101
[2022.03.16-12.51.48:358][  0]LogPakFile: PakFile FullDirectoryIndexSize=150
[2022.03.16-12.51.48:358][  0]LogShaderLibrary: Display: ShaderCodeLibraryPakFileMountedCallback: PakFile 'C:/Program Files/Epic Games/UE_4.27/FeaturePacks/TP_HandheldARBP.upack' (chunk index -1, root 'root:/') mounted
[2022.03.16-12.51.48:358][  0]LogShaderLibrary: Display: ShaderCodeLibraryPakFileMountedCallback: pending pak file info (ChunkID:-1 Root:root:/ File:C:/Program Files/Epic Games/UE_4.27/FeaturePacks/TP_HandheldARBP.upack)
[2022.03.16-12.51.48:358][  0]LogPakFile: OnPakFileMounted2Time == 0.000084
[2022.03.16-12.51.48:364][  0]LogPakFile: PakFile PrimaryIndexSize=182
[2022.03.16-12.51.48:364][  0]LogPakFile: PakFile PathHashIndexSize=101
[2022.03.16-12.51.48:365][  0]LogPakFile: PakFile FullDirectoryIndexSize=138
[2022.03.16-12.51.48:365][  0]LogShaderLibrary: Display: ShaderCodeLibraryPakFileMountedCallback: PakFile 'C:/Program Files/Epic Games/UE_4.27/FeaturePacks/TP_Puzzle.upack' (chunk index -1, root 'root:/') mounted
[2022.03.16-12.51.48:365][  0]LogShaderLibrary: Display: ShaderCodeLibraryPakFileMountedCallback: pending pak file info (ChunkID:-1 Root:root:/ File:C:/Program Files/Epic Games/UE_4.27/FeaturePacks/TP_Puzzle.upack)
[2022.03.16-12.51.48:365][  0]LogPakFile: OnPakFileMounted2Time == 0.000225
[2022.03.16-12.51.48:368][  0]LogPakFile: PakFile PrimaryIndexSize=184
[2022.03.16-12.51.48:368][  0]LogPakFile: PakFile PathHashIndexSize=101
[2022.03.16-12.51.48:368][  0]LogPakFile: PakFile FullDirectoryIndexSize=142
[2022.03.16-12.51.48:368][  0]LogShaderLibrary: Display: ShaderCodeLibraryPakFileMountedCallback: PakFile 'C:/Program Files/Epic Games/UE_4.27/FeaturePacks/TP_PuzzleBP.upack' (chunk index -1, root 'root:/') mounted
[2022.03.16-12.51.48:368][  0]LogShaderLibrary: Display: ShaderCodeLibraryPakFileMountedCallback: pending pak file info (ChunkID:-1 Root:root:/ File:C:/Program Files/Epic Games/UE_4.27/FeaturePacks/TP_PuzzleBP.upack)
[2022.03.16-12.51.48:370][  0]LogPakFile: OnPakFileMounted2Time == 0.000357
[2022.03.16-12.51.48:373][  0]LogPakFile: PakFile PrimaryIndexSize=183
[2022.03.16-12.51.48:373][  0]LogPakFile: PakFile PathHashIndexSize=101
[2022.03.16-12.51.48:373][  0]LogPakFile: PakFile FullDirectoryIndexSize=140
[2022.03.16-12.51.48:373][  0]LogShaderLibrary: Display: ShaderCodeLibraryPakFileMountedCallback: PakFile 'C:/Program Files/Epic Games/UE_4.27/FeaturePacks/TP_Rolling.upack' (chunk index -1, root 'root:/') mounted
[2022.03.16-12.51.48:373][  0]LogShaderLibrary: Display: ShaderCodeLibraryPakFileMountedCallback: pending pak file info (ChunkID:-1 Root:root:/ File:C:/Program Files/Epic Games/UE_4.27/FeaturePacks/TP_Rolling.upack)
[2022.03.16-12.51.48:373][  0]LogPakFile: OnPakFileMounted2Time == 0.000113
[2022.03.16-12.51.48:376][  0]LogPakFile: PakFile PrimaryIndexSize=185
[2022.03.16-12.51.48:376][  0]LogPakFile: PakFile PathHashIndexSize=101
[2022.03.16-12.51.48:376][  0]LogPakFile: PakFile FullDirectoryIndexSize=144
[2022.03.16-12.51.48:376][  0]LogShaderLibrary: Display: ShaderCodeLibraryPakFileMountedCallback: PakFile 'C:/Program Files/Epic Games/UE_4.27/FeaturePacks/TP_RollingBP.upack' (chunk index -1, root 'root:/') mounted
[2022.03.16-12.51.48:376][  0]LogShaderLibrary: Display: ShaderCodeLibraryPakFileMountedCallback: pending pak file info (ChunkID:-1 Root:root:/ File:C:/Program Files/Epic Games/UE_4.27/FeaturePacks/TP_RollingBP.upack)
[2022.03.16-12.51.48:376][  0]LogPakFile: OnPakFileMounted2Time == 0.000090
[2022.03.16-12.51.48:380][  0]LogPakFile: PakFile PrimaryIndexSize=188
[2022.03.16-12.51.48:380][  0]LogPakFile: PakFile PathHashIndexSize=101
[2022.03.16-12.51.48:380][  0]LogPakFile: PakFile FullDirectoryIndexSize=150
[2022.03.16-12.51.48:380][  0]LogShaderLibrary: Display: ShaderCodeLibraryPakFileMountedCallback: PakFile 'C:/Program Files/Epic Games/UE_4.27/FeaturePacks/TP_SideScroller.upack' (chunk index -1, root 'root:/') mounted
[2022.03.16-12.51.48:380][  0]LogShaderLibrary: Display: ShaderCodeLibraryPakFileMountedCallback: pending pak file info (ChunkID:-1 Root:root:/ File:C:/Program Files/Epic Games/UE_4.27/FeaturePacks/TP_SideScroller.upack)
[2022.03.16-12.51.48:380][  0]LogPakFile: OnPakFileMounted2Time == 0.000166
[2022.03.16-12.51.48:382][  0]LogPakFile: PakFile PrimaryIndexSize=190
[2022.03.16-12.51.48:382][  0]LogPakFile: PakFile PathHashIndexSize=101
[2022.03.16-12.51.48:383][  0]LogPakFile: PakFile FullDirectoryIndexSize=154
[2022.03.16-12.51.48:383][  0]LogShaderLibrary: Display: ShaderCodeLibraryPakFileMountedCallback: PakFile 'C:/Program Files/Epic Games/UE_4.27/FeaturePacks/TP_SideScrollerBP.upack' (chunk index -1, root 'root:/') mounted
[2022.03.16-12.51.48:383][  0]LogShaderLibrary: Display: ShaderCodeLibraryPakFileMountedCallback: pending pak file info (ChunkID:-1 Root:root:/ File:C:/Program Files/Epic Games/UE_4.27/FeaturePacks/TP_SideScrollerBP.upack)
[2022.03.16-12.51.48:383][  0]LogPakFile: OnPakFileMounted2Time == 0.000115
[2022.03.16-12.51.48:385][  0]LogPakFile: PakFile PrimaryIndexSize=187
[2022.03.16-12.51.48:385][  0]LogPakFile: PakFile PathHashIndexSize=101
[2022.03.16-12.51.48:385][  0]LogPakFile: PakFile FullDirectoryIndexSize=148
[2022.03.16-12.51.48:385][  0]LogShaderLibrary: Display: ShaderCodeLibraryPakFileMountedCallback: PakFile 'C:/Program Files/Epic Games/UE_4.27/FeaturePacks/TP_ThirdPerson.upack' (chunk index -1, root 'root:/') mounted
[2022.03.16-12.51.48:385][  0]LogShaderLibrary: Display: ShaderCodeLibraryPakFileMountedCallback: pending pak file info (ChunkID:-1 Root:root:/ File:C:/Program Files/Epic Games/UE_4.27/FeaturePacks/TP_ThirdPerson.upack)
[2022.03.16-12.51.48:385][  0]LogPakFile: OnPakFileMounted2Time == 0.000223
[2022.03.16-12.51.48:387][  0]LogPakFile: PakFile PrimaryIndexSize=189
[2022.03.16-12.51.48:387][  0]LogPakFile: PakFile PathHashIndexSize=101
[2022.03.16-12.51.48:387][  0]LogPakFile: PakFile FullDirectoryIndexSize=152
[2022.03.16-12.51.48:387][  0]LogShaderLibrary: Display: ShaderCodeLibraryPakFileMountedCallback: PakFile 'C:/Program Files/Epic Games/UE_4.27/FeaturePacks/TP_ThirdPersonBP.upack' (chunk index -1, root 'root:/') mounted
[2022.03.16-12.51.48:387][  0]LogShaderLibrary: Display: ShaderCodeLibraryPakFileMountedCallback: pending pak file info (ChunkID:-1 Root:root:/ File:C:/Program Files/Epic Games/UE_4.27/FeaturePacks/TP_ThirdPersonBP.upack)
[2022.03.16-12.51.48:387][  0]LogPakFile: OnPakFileMounted2Time == 0.000066
[2022.03.16-12.51.48:390][  0]LogPakFile: PakFile PrimaryIndexSize=183
[2022.03.16-12.51.48:390][  0]LogPakFile: PakFile PathHashIndexSize=101
[2022.03.16-12.51.48:390][  0]LogPakFile: PakFile FullDirectoryIndexSize=140
[2022.03.16-12.51.48:390][  0]LogShaderLibrary: Display: ShaderCodeLibraryPakFileMountedCallback: PakFile 'C:/Program Files/Epic Games/UE_4.27/FeaturePacks/TP_TopDown.upack' (chunk index -1, root 'root:/') mounted
[2022.03.16-12.51.48:390][  0]LogShaderLibrary: Display: ShaderCodeLibraryPakFileMountedCallback: pending pak file info (ChunkID:-1 Root:root:/ File:C:/Program Files/Epic Games/UE_4.27/FeaturePacks/TP_TopDown.upack)
[2022.03.16-12.51.48:390][  0]LogPakFile: OnPakFileMounted2Time == 0.000127
[2022.03.16-12.51.48:392][  0]LogPakFile: PakFile PrimaryIndexSize=185
[2022.03.16-12.51.48:392][  0]LogPakFile: PakFile PathHashIndexSize=101
[2022.03.16-12.51.48:392][  0]LogPakFile: PakFile FullDirectoryIndexSize=144
[2022.03.16-12.51.48:392][  0]LogShaderLibrary: Display: ShaderCodeLibraryPakFileMountedCallback: PakFile 'C:/Program Files/Epic Games/UE_4.27/FeaturePacks/TP_TopDownBP.upack' (chunk index -1, root 'root:/') mounted
[2022.03.16-12.51.48:392][  0]LogShaderLibrary: Display: ShaderCodeLibraryPakFileMountedCallback: pending pak file info (ChunkID:-1 Root:root:/ File:C:/Program Files/Epic Games/UE_4.27/FeaturePacks/TP_TopDownBP.upack)
[2022.03.16-12.51.48:392][  0]LogPakFile: OnPakFileMounted2Time == 0.000140
[2022.03.16-12.51.48:393][  0]LogPakFile: PakFile PrimaryIndexSize=185
[2022.03.16-12.51.48:394][  0]LogPakFile: PakFile PathHashIndexSize=101
[2022.03.16-12.51.48:394][  0]LogPakFile: PakFile FullDirectoryIndexSize=144
[2022.03.16-12.51.48:394][  0]LogShaderLibrary: Display: ShaderCodeLibraryPakFileMountedCallback: PakFile 'C:/Program Files/Epic Games/UE_4.27/FeaturePacks/TP_TwinStick.upack' (chunk index -1, root 'root:/') mounted
[2022.03.16-12.51.48:394][  0]LogShaderLibrary: Display: ShaderCodeLibraryPakFileMountedCallback: pending pak file info (ChunkID:-1 Root:root:/ File:C:/Program Files/Epic Games/UE_4.27/FeaturePacks/TP_TwinStick.upack)
[2022.03.16-12.51.48:394][  0]LogPakFile: OnPakFileMounted2Time == 0.000187
[2022.03.16-12.51.48:396][  0]LogPakFile: PakFile PrimaryIndexSize=187
[2022.03.16-12.51.48:397][  0]LogPakFile: PakFile PathHashIndexSize=101
[2022.03.16-12.51.48:397][  0]LogPakFile: PakFile FullDirectoryIndexSize=148
[2022.03.16-12.51.48:397][  0]LogShaderLibrary: Display: ShaderCodeLibraryPakFileMountedCallback: PakFile 'C:/Program Files/Epic Games/UE_4.27/FeaturePacks/TP_TwinStickBP.upack' (chunk index -1, root 'root:/') mounted
[2022.03.16-12.51.48:397][  0]LogShaderLibrary: Display: ShaderCodeLibraryPakFileMountedCallback: pending pak file info (ChunkID:-1 Root:root:/ File:C:/Program Files/Epic Games/UE_4.27/FeaturePacks/TP_TwinStickBP.upack)
[2022.03.16-12.51.48:397][  0]LogPakFile: OnPakFileMounted2Time == 0.000128
[2022.03.16-12.51.48:399][  0]LogPakFile: PakFile PrimaryIndexSize=183
[2022.03.16-12.51.48:399][  0]LogPakFile: PakFile PathHashIndexSize=101
[2022.03.16-12.51.48:399][  0]LogPakFile: PakFile FullDirectoryIndexSize=140
[2022.03.16-12.51.48:399][  0]LogShaderLibrary: Display: ShaderCodeLibraryPakFileMountedCallback: PakFile 'C:/Program Files/Epic Games/UE_4.27/FeaturePacks/TP_Vehicle.upack' (chunk index -1, root 'root:/') mounted
[2022.03.16-12.51.48:400][  0]LogShaderLibrary: Display: ShaderCodeLibraryPakFileMountedCallback: pending pak file info (ChunkID:-1 Root:root:/ File:C:/Program Files/Epic Games/UE_4.27/FeaturePacks/TP_Vehicle.upack)
[2022.03.16-12.51.48:400][  0]LogPakFile: OnPakFileMounted2Time == 0.000129
[2022.03.16-12.51.48:401][  0]LogPakFile: PakFile PrimaryIndexSize=186
[2022.03.16-12.51.48:402][  0]LogPakFile: PakFile PathHashIndexSize=101
[2022.03.16-12.51.48:402][  0]LogPakFile: PakFile FullDirectoryIndexSize=146
[2022.03.16-12.51.48:402][  0]LogShaderLibrary: Display: ShaderCodeLibraryPakFileMountedCallback: PakFile 'C:/Program Files/Epic Games/UE_4.27/FeaturePacks/TP_VehicleAdv.upack' (chunk index -1, root 'root:/') mounted
[2022.03.16-12.51.48:402][  0]LogShaderLibrary: Display: ShaderCodeLibraryPakFileMountedCallback: pending pak file info (ChunkID:-1 Root:root:/ File:C:/Program Files/Epic Games/UE_4.27/FeaturePacks/TP_VehicleAdv.upack)
[2022.03.16-12.51.48:402][  0]LogPakFile: OnPakFileMounted2Time == 0.000168
[2022.03.16-12.51.48:404][  0]LogPakFile: PakFile PrimaryIndexSize=188
[2022.03.16-12.51.48:404][  0]LogPakFile: PakFile PathHashIndexSize=101
[2022.03.16-12.51.48:404][  0]LogPakFile: PakFile FullDirectoryIndexSize=150
[2022.03.16-12.51.48:404][  0]LogShaderLibrary: Display: ShaderCodeLibraryPakFileMountedCallback: PakFile 'C:/Program Files/Epic Games/UE_4.27/FeaturePacks/TP_VehicleAdvBP.upack' (chunk index -1, root 'root:/') mounted
[2022.03.16-12.51.48:404][  0]LogShaderLibrary: Display: ShaderCodeLibraryPakFileMountedCallback: pending pak file info (ChunkID:-1 Root:root:/ File:C:/Program Files/Epic Games/UE_4.27/FeaturePacks/TP_VehicleAdvBP.upack)
[2022.03.16-12.51.48:404][  0]LogPakFile: OnPakFileMounted2Time == 0.000124
[2022.03.16-12.51.48:410][  0]LogPakFile: PakFile PrimaryIndexSize=185
[2022.03.16-12.51.48:410][  0]LogPakFile: PakFile PathHashIndexSize=101
[2022.03.16-12.51.48:410][  0]LogPakFile: PakFile FullDirectoryIndexSize=144
[2022.03.16-12.51.48:410][  0]LogShaderLibrary: Display: ShaderCodeLibraryPakFileMountedCallback: PakFile 'C:/Program Files/Epic Games/UE_4.27/FeaturePacks/TP_VehicleBP.upack' (chunk index -1, root 'root:/') mounted
[2022.03.16-12.51.48:410][  0]LogShaderLibrary: Display: ShaderCodeLibraryPakFileMountedCallback: pending pak file info (ChunkID:-1 Root:root:/ File:C:/Program Files/Epic Games/UE_4.27/FeaturePacks/TP_VehicleBP.upack)
[2022.03.16-12.51.48:410][  0]LogPakFile: OnPakFileMounted2Time == 0.000216
[2022.03.16-12.51.48:416][  0]LogPakFile: PakFile PrimaryIndexSize=192
[2022.03.16-12.51.48:416][  0]LogPakFile: PakFile PathHashIndexSize=101
[2022.03.16-12.51.48:416][  0]LogPakFile: PakFile FullDirectoryIndexSize=158
[2022.03.16-12.51.48:416][  0]LogShaderLibrary: Display: ShaderCodeLibraryPakFileMountedCallback: PakFile 'C:/Program Files/Epic Games/UE_4.27/FeaturePacks/TP_VirtualRealityBP.upack' (chunk index -1, root 'root:/') mounted
[2022.03.16-12.51.48:416][  0]LogShaderLibrary: Display: ShaderCodeLibraryPakFileMountedCallback: pending pak file info (ChunkID:-1 Root:root:/ File:C:/Program Files/Epic Games/UE_4.27/FeaturePacks/TP_VirtualRealityBP.upack)
[2022.03.16-12.51.48:416][  0]LogPakFile: OnPakFileMounted2Time == 0.000146
[2022.03.16-12.51.48:668][  0]LogNativeClassHierarchy: Verbose: Native class hierarchy updated for 'AddContentDialog' in 0.0006 seconds. Added 0 classes and 0 folders.
[2022.03.16-12.51.48:683][  0]LogNativeClassHierarchy: Verbose: Native class hierarchy updated for 'SceneOutliner' in 0.0003 seconds. Added 2 classes and 0 folders.
[2022.03.16-12.51.48:818][  0]LogSlate: Took 0.002692 seconds to synchronously load lazily loaded font '../../../Engine/Content/Slate/Fonts/Roboto-Regular.ttf' (155K)
[2022.03.16-12.51.48:828][  0]LogSlate: Took 0.003286 seconds to synchronously load lazily loaded font '../../../Engine/Content/Editor/Slate/Fonts/FontAwesome.ttf' (139K)
[2022.03.16-12.51.48:838][  0]LogSlate: Took 0.001926 seconds to synchronously load lazily loaded font '../../../Engine/Content/Slate/Fonts/Roboto-Bold.ttf' (160K)
[2022.03.16-12.51.49:094][  0]LogRenderer: Reallocating scene render targets to support 728x368 Format 10 NumSamples 1 (Frame:1).
[2022.03.16-12.51.49:695][  0]LogSlate: Took 0.000806 seconds to synchronously load lazily loaded font '../../../Engine/Content/Slate/Fonts/Roboto-Light.ttf' (167K)
[2022.03.16-12.51.49:803][  0]LogNativeClassHierarchy: Verbose: Native class hierarchy updated for 'HierarchicalLODOutliner' in 0.0004 seconds. Added 0 classes and 0 folders.
[2022.03.16-12.51.49:804][  0]LogLoad: (Engine Initialization) Total time: 29.75 seconds
[2022.03.16-12.51.49:804][  0]LogLoad: (Engine Initialization) Total Blueprint compile time: 0.00 seconds
[2022.03.16-12.51.49:914][  0]LogContentStreaming: Texture pool size now 1000 MB
[2022.03.16-12.51.49:961][  1]LogAssetRegistry: Asset discovery search completed in 16.3326 seconds
[2022.03.16-12.51.49:979][  1]LogCollectionManager: Fixed up redirectors for 0 collections in 0.000241 seconds (updated 0 objects)
[2022.03.16-12.55.06:613][117]LogNavigationPoint: PostEditMove Clear paths rebuilt
[2022.03.16-12.55.08:418][176]LogEditorViewport: Clicking on Actor (LMB): BP_Sky_Sphere_C (BP_Sky_Sphere)
[2022.03.16-12.55.44:780][351]LogEditor: Attempting to add actor of class 'Board' to level at 840.00,60.00,170.00
[2022.03.16-12.55.46:352][416]LogEditor: Attempting to add actor of class 'Board' to level at 710.00,210.00,-70.00
[2022.03.16-12.55.48:748][495]LogEditorViewport: Clicking on Actor (LMB): Board (Board1)
[2022.03.16-12.55.48:812][496]LogEditorViewport: Clicking on Component (LMB): SceneComponent (DefaultRootComponent)
[2022.03.16-12.55.50:306][544]LogEditorViewport: Clicking on Component (LMB): SceneComponent (DefaultRootComponent)
[2022.03.16-13.00.55:394][396]LogRenderer: Reallocating scene render targets to support 728x392 Format 10 NumSamples 1 (Frame:3520).
[2022.03.16-13.00.55:898][396]LogAudioMixer: Warning: Changing default audio render device to new device: {0.0.0.00000000}.{9e2ec7ba-8d20-4a8c-b8fa-3e82635ff464}.
[2022.03.16-13.00.56:081][396]LogAudioMixer: Resetting audio stream to device id 
[2022.03.16-13.00.56:170][396]LogAudioMixer: Display: 0: FrontLeft
[2022.03.16-13.00.56:170][396]LogAudioMixer: Display: 1: FrontRight
[2022.03.16-13.01.50:285][783]LogSlate: Took 0.001526 seconds to synchronously load lazily loaded font '../../../Engine/Content/Slate/Fonts/Roboto-Light.ttf' (167K)
[2022.03.16-13.01.50:513][783]LogEditorClassViewer: Warning: Class /Engine/Tutorial/InWorldBlueprintEditing/TutorialAssets/IWBE_Blutility.IWBE_Blutility_C has parent /Script/Blutility.PlacedEditorUtilityBase, but this parent is not found. The Class will not be shown in ClassViewer.
[2022.03.16-13.01.50:702][783]LogSlate: Took 0.001489 seconds to synchronously load lazily loaded font '../../../Engine/Content/Slate/Fonts/Roboto-BoldCondensed.ttf' (158K)
[2022.03.16-13.02.14:872][487]Running C:/Program Files/Epic Games/UE_4.27/Engine/Binaries/DotNET/UnrealBuildTool.exe  -projectfiles -project="C:/Users/mario/Documents/Unreal Projects/ChessUnreal/Chess/Chess.uproject" -game -rocket -progress
[2022.03.16-13.02.16:241][487]Discovering modules, targets and source code for project...
[2022.03.16-13.02.26:812][487]Binding IntelliSense data...
[2022.03.16-13.02.34:693][487]Binding IntelliSense data... 100%
[2022.03.16-13.02.34:693][487]Writing project files...
[2022.03.16-13.03.03:496][487]Writing project files... 33%
[2022.03.16-13.03.03:603][487]Writing project files... 100%
[2022.03.16-13.03.09:487][487]LogVSAccessor: Warning: Couldn't save all documents
[2022.03.16-13.03.09:928][487]Candidate modules for hot reload:
[2022.03.16-13.03.09:928][487]  Chess
[2022.03.16-13.03.09:929][487]Launching UnrealBuildTool... [C:/Program Files/Epic Games/UE_4.27/Engine/Binaries/DotNET/UnrealBuildTool.exe  -ModuleWithSuffix=Chess,0758 ChessEditor Win64 Development -Project="C:/Users/mario/Documents/Unreal Projects/ChessUnreal/Chess/Chess.uproject" "C:/Users/mario/Documents/Unreal Projects/ChessUnreal/Chess/Chess.uproject"  -IgnoreJunk]
